Analysis & Synthesis report for Memory
Tue Feb 26 15:21:26 2019
Quartus Prime Version 18.1.0 Build 625 09/12/2018 SJ Lite Edition


---------------------
; Table of Contents ;
---------------------
  1. Legal Notice
  2. Analysis & Synthesis Summary
  3. Analysis & Synthesis Settings
  4. Analysis & Synthesis Source Files Read
  5. Analysis & Synthesis Resource Usage Summary
  6. Analysis & Synthesis Resource Utilization by Entity
  7. Analysis & Synthesis RAM Summary
  8. Analysis & Synthesis IP Cores Summary
  9. General Register Statistics
 10. Source assignments for two_port_ram:two_port_ram_inst|altsyncram:altsyncram_component|altsyncram_tpg2:auto_generated
 11. Parameter Settings for User Entity Instance: two_port_ram:two_port_ram_inst|altsyncram:altsyncram_component
 12. altsyncram Parameter Settings by Entity Instance
 13. Post-Synthesis Netlist Statistics for Top Partition
 14. Elapsed Time Per Partition
 15. Analysis & Synthesis Messages



----------------
; Legal Notice ;
----------------
Copyright (C) 2018  Intel Corporation. All rights reserved.
Your use of Intel Corporation's design tools, logic functions 
and other software and tools, and its AMPP partner logic 
functions, and any output files from any of the foregoing 
(including device programming or simulation files), and any 
associated documentation or information are expressly subject 
to the terms and conditions of the Intel Program License 
Subscription Agreement, the Intel Quartus Prime License Agreement,
the Intel FPGA IP License Agreement, or other applicable license
agreement, including, without limitation, that your use is for
the sole purpose of programming logic devices manufactured by
Intel and sold by Intel or its authorized distributors.  Please
refer to the applicable agreement for further details.



+----------------------------------------------------------------------------------+
; Analysis & Synthesis Summary                                                     ;
+------------------------------------+---------------------------------------------+
; Analysis & Synthesis Status        ; Successful - Tue Feb 26 15:21:26 2019       ;
; Quartus Prime Version              ; 18.1.0 Build 625 09/12/2018 SJ Lite Edition ;
; Revision Name                      ; Memory                                      ;
; Top-level Entity Name              ; Memory                                      ;
; Family                             ; Cyclone IV E                                ;
; Total logic elements               ; 252                                         ;
;     Total combinational functions  ; 240                                         ;
;     Dedicated logic registers      ; 44                                          ;
; Total registers                    ; 44                                          ;
; Total pins                         ; 119                                         ;
; Total virtual pins                 ; 0                                           ;
; Total memory bits                  ; 1,048,576                                   ;
; Embedded Multiplier 9-bit elements ; 0                                           ;
; Total PLLs                         ; 0                                           ;
+------------------------------------+---------------------------------------------+


+------------------------------------------------------------------------------------------------------------+
; Analysis & Synthesis Settings                                                                              ;
+------------------------------------------------------------------+--------------------+--------------------+
; Option                                                           ; Setting            ; Default Value      ;
+------------------------------------------------------------------+--------------------+--------------------+
; Device                                                           ; EP4CE115F29C7      ;                    ;
; Top-level entity name                                            ; Memory             ; Memory             ;
; Family name                                                      ; Cyclone IV E       ; Cyclone V          ;
; Use smart compilation                                            ; Off                ; Off                ;
; Enable parallel Assembler and Timing Analyzer during compilation ; On                 ; On                 ;
; Enable compact report table                                      ; Off                ; Off                ;
; Restructure Multiplexers                                         ; Auto               ; Auto               ;
; Create Debugging Nodes for IP Cores                              ; Off                ; Off                ;
; Preserve fewer node names                                        ; On                 ; On                 ;
; Intel FPGA IP Evaluation Mode                                    ; Enable             ; Enable             ;
; Verilog Version                                                  ; Verilog_2001       ; Verilog_2001       ;
; VHDL Version                                                     ; VHDL_1993          ; VHDL_1993          ;
; State Machine Processing                                         ; Auto               ; Auto               ;
; Safe State Machine                                               ; Off                ; Off                ;
; Extract Verilog State Machines                                   ; On                 ; On                 ;
; Extract VHDL State Machines                                      ; On                 ; On                 ;
; Ignore Verilog initial constructs                                ; Off                ; Off                ;
; Iteration limit for constant Verilog loops                       ; 5000               ; 5000               ;
; Iteration limit for non-constant Verilog loops                   ; 250                ; 250                ;
; Add Pass-Through Logic to Inferred RAMs                          ; On                 ; On                 ;
; Infer RAMs from Raw Logic                                        ; On                 ; On                 ;
; Parallel Synthesis                                               ; On                 ; On                 ;
; DSP Block Balancing                                              ; Auto               ; Auto               ;
; NOT Gate Push-Back                                               ; On                 ; On                 ;
; Power-Up Don't Care                                              ; On                 ; On                 ;
; Remove Redundant Logic Cells                                     ; Off                ; Off                ;
; Remove Duplicate Registers                                       ; On                 ; On                 ;
; Ignore CARRY Buffers                                             ; Off                ; Off                ;
; Ignore CASCADE Buffers                                           ; Off                ; Off                ;
; Ignore GLOBAL Buffers                                            ; Off                ; Off                ;
; Ignore ROW GLOBAL Buffers                                        ; Off                ; Off                ;
; Ignore LCELL Buffers                                             ; Off                ; Off                ;
; Ignore SOFT Buffers                                              ; On                 ; On                 ;
; Limit AHDL Integers to 32 Bits                                   ; Off                ; Off                ;
; Optimization Technique                                           ; Balanced           ; Balanced           ;
; Carry Chain Length                                               ; 70                 ; 70                 ;
; Auto Carry Chains                                                ; On                 ; On                 ;
; Auto Open-Drain Pins                                             ; On                 ; On                 ;
; Perform WYSIWYG Primitive Resynthesis                            ; Off                ; Off                ;
; Auto ROM Replacement                                             ; On                 ; On                 ;
; Auto RAM Replacement                                             ; On                 ; On                 ;
; Auto DSP Block Replacement                                       ; On                 ; On                 ;
; Auto Shift Register Replacement                                  ; Auto               ; Auto               ;
; Allow Shift Register Merging across Hierarchies                  ; Auto               ; Auto               ;
; Auto Clock Enable Replacement                                    ; On                 ; On                 ;
; Strict RAM Replacement                                           ; Off                ; Off                ;
; Allow Synchronous Control Signals                                ; On                 ; On                 ;
; Force Use of Synchronous Clear Signals                           ; Off                ; Off                ;
; Auto RAM Block Balancing                                         ; On                 ; On                 ;
; Auto RAM to Logic Cell Conversion                                ; Off                ; Off                ;
; Auto Resource Sharing                                            ; Off                ; Off                ;
; Allow Any RAM Size For Recognition                               ; Off                ; Off                ;
; Allow Any ROM Size For Recognition                               ; Off                ; Off                ;
; Allow Any Shift Register Size For Recognition                    ; Off                ; Off                ;
; Use LogicLock Constraints during Resource Balancing              ; On                 ; On                 ;
; Ignore translate_off and synthesis_off directives                ; Off                ; Off                ;
; Timing-Driven Synthesis                                          ; On                 ; On                 ;
; Report Parameter Settings                                        ; On                 ; On                 ;
; Report Source Assignments                                        ; On                 ; On                 ;
; Report Connectivity Checks                                       ; On                 ; On                 ;
; Ignore Maximum Fan-Out Assignments                               ; Off                ; Off                ;
; Synchronization Register Chain Length                            ; 2                  ; 2                  ;
; Power Optimization During Synthesis                              ; Normal compilation ; Normal compilation ;
; HDL message level                                                ; Level2             ; Level2             ;
; Suppress Register Optimization Related Messages                  ; Off                ; Off                ;
; Number of Removed Registers Reported in Synthesis Report         ; 5000               ; 5000               ;
; Number of Swept Nodes Reported in Synthesis Report               ; 5000               ; 5000               ;
; Number of Inverted Registers Reported in Synthesis Report        ; 100                ; 100                ;
; Clock MUX Protection                                             ; On                 ; On                 ;
; Auto Gated Clock Conversion                                      ; Off                ; Off                ;
; Block Design Naming                                              ; Auto               ; Auto               ;
; SDC constraint protection                                        ; Off                ; Off                ;
; Synthesis Effort                                                 ; Auto               ; Auto               ;
; Shift Register Replacement - Allow Asynchronous Clear Signal     ; On                 ; On                 ;
; Pre-Mapping Resynthesis Optimization                             ; Off                ; Off                ;
; Analysis & Synthesis Message Level                               ; Medium             ; Medium             ;
; Disable Register Merging Across Hierarchies                      ; Auto               ; Auto               ;
; Resource Aware Inference For Block RAM                           ; On                 ; On                 ;
+------------------------------------------------------------------+--------------------+--------------------+


+--------------------------------------------------------------------------------------------------------------------------------------------------------------------------------+
; Analysis & Synthesis Source Files Read                                                                                                                                         ;
+----------------------------------+-----------------+----------------------------------+------------------------------------------------------------------------------+---------+
; File Name with User-Entered Path ; Used in Netlist ; File Type                        ; File Name with Absolute Path                                                 ; Library ;
+----------------------------------+-----------------+----------------------------------+------------------------------------------------------------------------------+---------+
; ../PC/d_negedge_flip_flop.v      ; yes             ; User Verilog HDL File            ; C:/Users/USER1/Digital Logic/LC-3/PC/d_negedge_flip_flop.v                   ;         ;
; ../PC/bit_16_register.v          ; yes             ; User Verilog HDL File            ; C:/Users/USER1/Digital Logic/LC-3/PC/bit_16_register.v                       ;         ;
; Memory.v                         ; yes             ; User Verilog HDL File            ; C:/Users/USER1/Digital Logic/LC-3/Memory/Memory.v                            ;         ;
; ../LC3_instruction_mem_init.mif  ; yes             ; User Memory Initialization File  ; C:/Users/USER1/Digital Logic/LC-3/LC3_instruction_mem_init.mif               ;         ;
; two_port_ram.v                   ; yes             ; User Wizard-Generated File       ; C:/Users/USER1/Digital Logic/LC-3/Memory/two_port_ram.v                      ;         ;
; altsyncram.tdf                   ; yes             ; Megafunction                     ; c:/intelfpga_lite/18.1/quartus/libraries/megafunctions/altsyncram.tdf        ;         ;
; stratix_ram_block.inc            ; yes             ; Megafunction                     ; c:/intelfpga_lite/18.1/quartus/libraries/megafunctions/stratix_ram_block.inc ;         ;
; lpm_mux.inc                      ; yes             ; Megafunction                     ; c:/intelfpga_lite/18.1/quartus/libraries/megafunctions/lpm_mux.inc           ;         ;
; lpm_decode.inc                   ; yes             ; Megafunction                     ; c:/intelfpga_lite/18.1/quartus/libraries/megafunctions/lpm_decode.inc        ;         ;
; aglobal181.inc                   ; yes             ; Megafunction                     ; c:/intelfpga_lite/18.1/quartus/libraries/megafunctions/aglobal181.inc        ;         ;
; a_rdenreg.inc                    ; yes             ; Megafunction                     ; c:/intelfpga_lite/18.1/quartus/libraries/megafunctions/a_rdenreg.inc         ;         ;
; altrom.inc                       ; yes             ; Megafunction                     ; c:/intelfpga_lite/18.1/quartus/libraries/megafunctions/altrom.inc            ;         ;
; altram.inc                       ; yes             ; Megafunction                     ; c:/intelfpga_lite/18.1/quartus/libraries/megafunctions/altram.inc            ;         ;
; altdpram.inc                     ; yes             ; Megafunction                     ; c:/intelfpga_lite/18.1/quartus/libraries/megafunctions/altdpram.inc          ;         ;
; db/altsyncram_tpg2.tdf           ; yes             ; Auto-Generated Megafunction      ; C:/Users/USER1/Digital Logic/LC-3/Memory/db/altsyncram_tpg2.tdf              ;         ;
; db/decode_rsa.tdf                ; yes             ; Auto-Generated Megafunction      ; C:/Users/USER1/Digital Logic/LC-3/Memory/db/decode_rsa.tdf                   ;         ;
; db/decode_k8a.tdf                ; yes             ; Auto-Generated Megafunction      ; C:/Users/USER1/Digital Logic/LC-3/Memory/db/decode_k8a.tdf                   ;         ;
; db/mux_qob.tdf                   ; yes             ; Auto-Generated Megafunction      ; C:/Users/USER1/Digital Logic/LC-3/Memory/db/mux_qob.tdf                      ;         ;
+----------------------------------+-----------------+----------------------------------+------------------------------------------------------------------------------+---------+


+---------------------------------------------------------+
; Analysis & Synthesis Resource Usage Summary             ;
+---------------------------------------------+-----------+
; Resource                                    ; Usage     ;
+---------------------------------------------+-----------+
; Estimated Total logic elements              ; 252       ;
;                                             ;           ;
; Total combinational functions               ; 240       ;
; Logic element usage by number of LUT inputs ;           ;
;     -- 4 input functions                    ; 176       ;
;     -- 3 input functions                    ; 64        ;
;     -- <=2 input functions                  ; 0         ;
;                                             ;           ;
; Logic elements by mode                      ;           ;
;     -- normal mode                          ; 240       ;
;     -- arithmetic mode                      ; 0         ;
;                                             ;           ;
; Total registers                             ; 44        ;
;     -- Dedicated logic registers            ; 44        ;
;     -- I/O registers                        ; 0         ;
;                                             ;           ;
; I/O pins                                    ; 119       ;
; Total memory bits                           ; 1048576   ;
;                                             ;           ;
; Embedded Multiplier 9-bit elements          ; 0         ;
;                                             ;           ;
; Maximum fan-out node                        ; clk~input ;
; Maximum fan-out                             ; 166       ;
; Total fan-out                               ; 5551      ;
; Average fan-out                             ; 8.54      ;
+---------------------------------------------+-----------+


+--------------------------------------------------------------------------------------------------------------------------------------------------------------------------------------------------------------------------------------------------------------------------------------------------------------------------------------------+
; Analysis & Synthesis Resource Utilization by Entity                                                                                                                                                                                                                                                                                        ;
+-------------------------------------------+---------------------+---------------------------+-------------+--------------+---------+-----------+------+--------------+--------------------------------------------------------------------------------------------------------------------------------+---------------------+--------------+
; Compilation Hierarchy Node                ; Combinational ALUTs ; Dedicated Logic Registers ; Memory Bits ; DSP Elements ; DSP 9x9 ; DSP 18x18 ; Pins ; Virtual Pins ; Full Hierarchy Name                                                                                                            ; Entity Name         ; Library Name ;
+-------------------------------------------+---------------------+---------------------------+-------------+--------------+---------+-----------+------+--------------+--------------------------------------------------------------------------------------------------------------------------------+---------------------+--------------+
; |Memory                                   ; 240 (0)             ; 44 (0)                    ; 1048576     ; 0            ; 0       ; 0         ; 119  ; 0            ; |Memory                                                                                                                        ; Memory              ; work         ;
;    |bit_16_register:MAR_reg|              ; 16 (0)              ; 16 (0)                    ; 0           ; 0            ; 0       ; 0         ; 0    ; 0            ; |Memory|bit_16_register:MAR_reg                                                                                                ; bit_16_register     ; work         ;
;       |d_negedge_flip_flop:ff_0|          ; 1 (1)               ; 1 (1)                     ; 0           ; 0            ; 0       ; 0         ; 0    ; 0            ; |Memory|bit_16_register:MAR_reg|d_negedge_flip_flop:ff_0                                                                       ; d_negedge_flip_flop ; work         ;
;       |d_negedge_flip_flop:ff_10|         ; 1 (1)               ; 1 (1)                     ; 0           ; 0            ; 0       ; 0         ; 0    ; 0            ; |Memory|bit_16_register:MAR_reg|d_negedge_flip_flop:ff_10                                                                      ; d_negedge_flip_flop ; work         ;
;       |d_negedge_flip_flop:ff_11|         ; 1 (1)               ; 1 (1)                     ; 0           ; 0            ; 0       ; 0         ; 0    ; 0            ; |Memory|bit_16_register:MAR_reg|d_negedge_flip_flop:ff_11                                                                      ; d_negedge_flip_flop ; work         ;
;       |d_negedge_flip_flop:ff_12|         ; 1 (1)               ; 1 (1)                     ; 0           ; 0            ; 0       ; 0         ; 0    ; 0            ; |Memory|bit_16_register:MAR_reg|d_negedge_flip_flop:ff_12                                                                      ; d_negedge_flip_flop ; work         ;
;       |d_negedge_flip_flop:ff_13|         ; 1 (1)               ; 1 (1)                     ; 0           ; 0            ; 0       ; 0         ; 0    ; 0            ; |Memory|bit_16_register:MAR_reg|d_negedge_flip_flop:ff_13                                                                      ; d_negedge_flip_flop ; work         ;
;       |d_negedge_flip_flop:ff_14|         ; 1 (1)               ; 1 (1)                     ; 0           ; 0            ; 0       ; 0         ; 0    ; 0            ; |Memory|bit_16_register:MAR_reg|d_negedge_flip_flop:ff_14                                                                      ; d_negedge_flip_flop ; work         ;
;       |d_negedge_flip_flop:ff_15|         ; 1 (1)               ; 1 (1)                     ; 0           ; 0            ; 0       ; 0         ; 0    ; 0            ; |Memory|bit_16_register:MAR_reg|d_negedge_flip_flop:ff_15                                                                      ; d_negedge_flip_flop ; work         ;
;       |d_negedge_flip_flop:ff_1|          ; 1 (1)               ; 1 (1)                     ; 0           ; 0            ; 0       ; 0         ; 0    ; 0            ; |Memory|bit_16_register:MAR_reg|d_negedge_flip_flop:ff_1                                                                       ; d_negedge_flip_flop ; work         ;
;       |d_negedge_flip_flop:ff_2|          ; 1 (1)               ; 1 (1)                     ; 0           ; 0            ; 0       ; 0         ; 0    ; 0            ; |Memory|bit_16_register:MAR_reg|d_negedge_flip_flop:ff_2                                                                       ; d_negedge_flip_flop ; work         ;
;       |d_negedge_flip_flop:ff_3|          ; 1 (1)               ; 1 (1)                     ; 0           ; 0            ; 0       ; 0         ; 0    ; 0            ; |Memory|bit_16_register:MAR_reg|d_negedge_flip_flop:ff_3                                                                       ; d_negedge_flip_flop ; work         ;
;       |d_negedge_flip_flop:ff_4|          ; 1 (1)               ; 1 (1)                     ; 0           ; 0            ; 0       ; 0         ; 0    ; 0            ; |Memory|bit_16_register:MAR_reg|d_negedge_flip_flop:ff_4                                                                       ; d_negedge_flip_flop ; work         ;
;       |d_negedge_flip_flop:ff_5|          ; 1 (1)               ; 1 (1)                     ; 0           ; 0            ; 0       ; 0         ; 0    ; 0            ; |Memory|bit_16_register:MAR_reg|d_negedge_flip_flop:ff_5                                                                       ; d_negedge_flip_flop ; work         ;
;       |d_negedge_flip_flop:ff_6|          ; 1 (1)               ; 1 (1)                     ; 0           ; 0            ; 0       ; 0         ; 0    ; 0            ; |Memory|bit_16_register:MAR_reg|d_negedge_flip_flop:ff_6                                                                       ; d_negedge_flip_flop ; work         ;
;       |d_negedge_flip_flop:ff_7|          ; 1 (1)               ; 1 (1)                     ; 0           ; 0            ; 0       ; 0         ; 0    ; 0            ; |Memory|bit_16_register:MAR_reg|d_negedge_flip_flop:ff_7                                                                       ; d_negedge_flip_flop ; work         ;
;       |d_negedge_flip_flop:ff_8|          ; 1 (1)               ; 1 (1)                     ; 0           ; 0            ; 0       ; 0         ; 0    ; 0            ; |Memory|bit_16_register:MAR_reg|d_negedge_flip_flop:ff_8                                                                       ; d_negedge_flip_flop ; work         ;
;       |d_negedge_flip_flop:ff_9|          ; 1 (1)               ; 1 (1)                     ; 0           ; 0            ; 0       ; 0         ; 0    ; 0            ; |Memory|bit_16_register:MAR_reg|d_negedge_flip_flop:ff_9                                                                       ; d_negedge_flip_flop ; work         ;
;    |bit_16_register:MDR_reg|              ; 32 (0)              ; 16 (0)                    ; 0           ; 0            ; 0       ; 0         ; 0    ; 0            ; |Memory|bit_16_register:MDR_reg                                                                                                ; bit_16_register     ; work         ;
;       |d_negedge_flip_flop:ff_0|          ; 2 (2)               ; 1 (1)                     ; 0           ; 0            ; 0       ; 0         ; 0    ; 0            ; |Memory|bit_16_register:MDR_reg|d_negedge_flip_flop:ff_0                                                                       ; d_negedge_flip_flop ; work         ;
;       |d_negedge_flip_flop:ff_10|         ; 2 (2)               ; 1 (1)                     ; 0           ; 0            ; 0       ; 0         ; 0    ; 0            ; |Memory|bit_16_register:MDR_reg|d_negedge_flip_flop:ff_10                                                                      ; d_negedge_flip_flop ; work         ;
;       |d_negedge_flip_flop:ff_11|         ; 2 (2)               ; 1 (1)                     ; 0           ; 0            ; 0       ; 0         ; 0    ; 0            ; |Memory|bit_16_register:MDR_reg|d_negedge_flip_flop:ff_11                                                                      ; d_negedge_flip_flop ; work         ;
;       |d_negedge_flip_flop:ff_12|         ; 2 (2)               ; 1 (1)                     ; 0           ; 0            ; 0       ; 0         ; 0    ; 0            ; |Memory|bit_16_register:MDR_reg|d_negedge_flip_flop:ff_12                                                                      ; d_negedge_flip_flop ; work         ;
;       |d_negedge_flip_flop:ff_13|         ; 2 (2)               ; 1 (1)                     ; 0           ; 0            ; 0       ; 0         ; 0    ; 0            ; |Memory|bit_16_register:MDR_reg|d_negedge_flip_flop:ff_13                                                                      ; d_negedge_flip_flop ; work         ;
;       |d_negedge_flip_flop:ff_14|         ; 2 (2)               ; 1 (1)                     ; 0           ; 0            ; 0       ; 0         ; 0    ; 0            ; |Memory|bit_16_register:MDR_reg|d_negedge_flip_flop:ff_14                                                                      ; d_negedge_flip_flop ; work         ;
;       |d_negedge_flip_flop:ff_15|         ; 2 (2)               ; 1 (1)                     ; 0           ; 0            ; 0       ; 0         ; 0    ; 0            ; |Memory|bit_16_register:MDR_reg|d_negedge_flip_flop:ff_15                                                                      ; d_negedge_flip_flop ; work         ;
;       |d_negedge_flip_flop:ff_1|          ; 2 (2)               ; 1 (1)                     ; 0           ; 0            ; 0       ; 0         ; 0    ; 0            ; |Memory|bit_16_register:MDR_reg|d_negedge_flip_flop:ff_1                                                                       ; d_negedge_flip_flop ; work         ;
;       |d_negedge_flip_flop:ff_2|          ; 2 (2)               ; 1 (1)                     ; 0           ; 0            ; 0       ; 0         ; 0    ; 0            ; |Memory|bit_16_register:MDR_reg|d_negedge_flip_flop:ff_2                                                                       ; d_negedge_flip_flop ; work         ;
;       |d_negedge_flip_flop:ff_3|          ; 2 (2)               ; 1 (1)                     ; 0           ; 0            ; 0       ; 0         ; 0    ; 0            ; |Memory|bit_16_register:MDR_reg|d_negedge_flip_flop:ff_3                                                                       ; d_negedge_flip_flop ; work         ;
;       |d_negedge_flip_flop:ff_4|          ; 2 (2)               ; 1 (1)                     ; 0           ; 0            ; 0       ; 0         ; 0    ; 0            ; |Memory|bit_16_register:MDR_reg|d_negedge_flip_flop:ff_4                                                                       ; d_negedge_flip_flop ; work         ;
;       |d_negedge_flip_flop:ff_5|          ; 2 (2)               ; 1 (1)                     ; 0           ; 0            ; 0       ; 0         ; 0    ; 0            ; |Memory|bit_16_register:MDR_reg|d_negedge_flip_flop:ff_5                                                                       ; d_negedge_flip_flop ; work         ;
;       |d_negedge_flip_flop:ff_6|          ; 2 (2)               ; 1 (1)                     ; 0           ; 0            ; 0       ; 0         ; 0    ; 0            ; |Memory|bit_16_register:MDR_reg|d_negedge_flip_flop:ff_6                                                                       ; d_negedge_flip_flop ; work         ;
;       |d_negedge_flip_flop:ff_7|          ; 2 (2)               ; 1 (1)                     ; 0           ; 0            ; 0       ; 0         ; 0    ; 0            ; |Memory|bit_16_register:MDR_reg|d_negedge_flip_flop:ff_7                                                                       ; d_negedge_flip_flop ; work         ;
;       |d_negedge_flip_flop:ff_8|          ; 2 (2)               ; 1 (1)                     ; 0           ; 0            ; 0       ; 0         ; 0    ; 0            ; |Memory|bit_16_register:MDR_reg|d_negedge_flip_flop:ff_8                                                                       ; d_negedge_flip_flop ; work         ;
;       |d_negedge_flip_flop:ff_9|          ; 2 (2)               ; 1 (1)                     ; 0           ; 0            ; 0       ; 0         ; 0    ; 0            ; |Memory|bit_16_register:MDR_reg|d_negedge_flip_flop:ff_9                                                                       ; d_negedge_flip_flop ; work         ;
;    |two_port_ram:two_port_ram_inst|       ; 192 (0)             ; 12 (0)                    ; 1048576     ; 0            ; 0       ; 0         ; 0    ; 0            ; |Memory|two_port_ram:two_port_ram_inst                                                                                         ; two_port_ram        ; work         ;
;       |altsyncram:altsyncram_component|   ; 192 (0)             ; 12 (0)                    ; 1048576     ; 0            ; 0       ; 0         ; 0    ; 0            ; |Memory|two_port_ram:two_port_ram_inst|altsyncram:altsyncram_component                                                         ; altsyncram          ; work         ;
;          |altsyncram_tpg2:auto_generated| ; 192 (0)             ; 12 (12)                   ; 1048576     ; 0            ; 0       ; 0         ; 0    ; 0            ; |Memory|two_port_ram:two_port_ram_inst|altsyncram:altsyncram_component|altsyncram_tpg2:auto_generated                          ; altsyncram_tpg2     ; work         ;
;             |decode_k8a:rden_decode_a|    ; 6 (6)               ; 0 (0)                     ; 0           ; 0            ; 0       ; 0         ; 0    ; 0            ; |Memory|two_port_ram:two_port_ram_inst|altsyncram:altsyncram_component|altsyncram_tpg2:auto_generated|decode_k8a:rden_decode_a ; decode_k8a          ; work         ;
;             |decode_k8a:rden_decode_b|    ; 8 (8)               ; 0 (0)                     ; 0           ; 0            ; 0       ; 0         ; 0    ; 0            ; |Memory|two_port_ram:two_port_ram_inst|altsyncram:altsyncram_component|altsyncram_tpg2:auto_generated|decode_k8a:rden_decode_b ; decode_k8a          ; work         ;
;             |decode_rsa:decode2|          ; 10 (10)             ; 0 (0)                     ; 0           ; 0            ; 0       ; 0         ; 0    ; 0            ; |Memory|two_port_ram:two_port_ram_inst|altsyncram:altsyncram_component|altsyncram_tpg2:auto_generated|decode_rsa:decode2       ; decode_rsa          ; work         ;
;             |decode_rsa:decode3|          ; 8 (8)               ; 0 (0)                     ; 0           ; 0            ; 0       ; 0         ; 0    ; 0            ; |Memory|two_port_ram:two_port_ram_inst|altsyncram:altsyncram_component|altsyncram_tpg2:auto_generated|decode_rsa:decode3       ; decode_rsa          ; work         ;
;             |mux_qob:mux4|                ; 80 (80)             ; 0 (0)                     ; 0           ; 0            ; 0       ; 0         ; 0    ; 0            ; |Memory|two_port_ram:two_port_ram_inst|altsyncram:altsyncram_component|altsyncram_tpg2:auto_generated|mux_qob:mux4             ; mux_qob             ; work         ;
;             |mux_qob:mux5|                ; 80 (80)             ; 0 (0)                     ; 0           ; 0            ; 0       ; 0         ; 0    ; 0            ; |Memory|two_port_ram:two_port_ram_inst|altsyncram:altsyncram_component|altsyncram_tpg2:auto_generated|mux_qob:mux5             ; mux_qob             ; work         ;
+-------------------------------------------+---------------------+---------------------------+-------------+--------------+---------+-----------+------+--------------+--------------------------------------------------------------------------------------------------------------------------------+---------------------+--------------+
Note: For table entries with two numbers listed, the numbers in parentheses indicate the number of resources of the given type used by the specific entity alone. The numbers listed outside of parentheses indicate the total resources of the given type used by the specific entity and all of its sub-entities in the hierarchy.


+------------------------------------------------------------------------------------------------------------------------------------------------------------------------------------------------------------------------------------------+
; Analysis & Synthesis RAM Summary                                                                                                                                                                                                         ;
+----------------------------------------------------------------------------------------------------------+------+----------------+--------------+--------------+--------------+--------------+---------+---------------------------------+
; Name                                                                                                     ; Type ; Mode           ; Port A Depth ; Port A Width ; Port B Depth ; Port B Width ; Size    ; MIF                             ;
+----------------------------------------------------------------------------------------------------------+------+----------------+--------------+--------------+--------------+--------------+---------+---------------------------------+
; two_port_ram:two_port_ram_inst|altsyncram:altsyncram_component|altsyncram_tpg2:auto_generated|ALTSYNCRAM ; AUTO ; True Dual Port ; 65536        ; 16           ; 65536        ; 16           ; 1048576 ; ../LC3_instruction_mem_init.mif ;
+----------------------------------------------------------------------------------------------------------+------+----------------+--------------+--------------+--------------+--------------+---------+---------------------------------+


+--------------------------------------------------------------------------------------------------------------------------+
; Analysis & Synthesis IP Cores Summary                                                                                    ;
+--------+--------------+---------+--------------+--------------+----------------------------------------+-----------------+
; Vendor ; IP Core Name ; Version ; Release Date ; License Type ; Entity Instance                        ; IP Include File ;
+--------+--------------+---------+--------------+--------------+----------------------------------------+-----------------+
; Altera ; RAM: 2-PORT  ; 18.1    ; N/A          ; N/A          ; |Memory|two_port_ram:two_port_ram_inst ; two_port_ram.v  ;
+--------+--------------+---------+--------------+--------------+----------------------------------------+-----------------+


+------------------------------------------------------+
; General Register Statistics                          ;
+----------------------------------------------+-------+
; Statistic                                    ; Value ;
+----------------------------------------------+-------+
; Total registers                              ; 44    ;
; Number of registers using Synchronous Clear  ; 32    ;
; Number of registers using Synchronous Load   ; 0     ;
; Number of registers using Asynchronous Clear ; 0     ;
; Number of registers using Asynchronous Load  ; 0     ;
; Number of registers using Clock Enable       ; 0     ;
; Number of registers using Preset             ; 0     ;
+----------------------------------------------+-------+


+----------------------------------------------------------------------------------------------------------------------+
; Source assignments for two_port_ram:two_port_ram_inst|altsyncram:altsyncram_component|altsyncram_tpg2:auto_generated ;
+---------------------------------+--------------------+------+--------------------------------------------------------+
; Assignment                      ; Value              ; From ; To                                                     ;
+---------------------------------+--------------------+------+--------------------------------------------------------+
; OPTIMIZE_POWER_DURING_SYNTHESIS ; NORMAL_COMPILATION ; -    ; -                                                      ;
+---------------------------------+--------------------+------+--------------------------------------------------------+


+-------------------------------------------------------------------------------------------------------------+
; Parameter Settings for User Entity Instance: two_port_ram:two_port_ram_inst|altsyncram:altsyncram_component ;
+------------------------------------+---------------------------------+--------------------------------------+
; Parameter Name                     ; Value                           ; Type                                 ;
+------------------------------------+---------------------------------+--------------------------------------+
; BYTE_SIZE_BLOCK                    ; 8                               ; Untyped                              ;
; AUTO_CARRY_CHAINS                  ; ON                              ; AUTO_CARRY                           ;
; IGNORE_CARRY_BUFFERS               ; OFF                             ; IGNORE_CARRY                         ;
; AUTO_CASCADE_CHAINS                ; ON                              ; AUTO_CASCADE                         ;
; IGNORE_CASCADE_BUFFERS             ; OFF                             ; IGNORE_CASCADE                       ;
; WIDTH_BYTEENA                      ; 1                               ; Untyped                              ;
; OPERATION_MODE                     ; BIDIR_DUAL_PORT                 ; Untyped                              ;
; WIDTH_A                            ; 16                              ; Signed Integer                       ;
; WIDTHAD_A                          ; 16                              ; Signed Integer                       ;
; NUMWORDS_A                         ; 65536                           ; Signed Integer                       ;
; OUTDATA_REG_A                      ; CLOCK0                          ; Untyped                              ;
; ADDRESS_ACLR_A                     ; NONE                            ; Untyped                              ;
; OUTDATA_ACLR_A                     ; NONE                            ; Untyped                              ;
; WRCONTROL_ACLR_A                   ; NONE                            ; Untyped                              ;
; INDATA_ACLR_A                      ; NONE                            ; Untyped                              ;
; BYTEENA_ACLR_A                     ; NONE                            ; Untyped                              ;
; WIDTH_B                            ; 16                              ; Signed Integer                       ;
; WIDTHAD_B                          ; 16                              ; Signed Integer                       ;
; NUMWORDS_B                         ; 65536                           ; Signed Integer                       ;
; INDATA_REG_B                       ; CLOCK1                          ; Untyped                              ;
; WRCONTROL_WRADDRESS_REG_B          ; CLOCK1                          ; Untyped                              ;
; RDCONTROL_REG_B                    ; CLOCK1                          ; Untyped                              ;
; ADDRESS_REG_B                      ; CLOCK1                          ; Untyped                              ;
; OUTDATA_REG_B                      ; CLOCK1                          ; Untyped                              ;
; BYTEENA_REG_B                      ; CLOCK1                          ; Untyped                              ;
; INDATA_ACLR_B                      ; NONE                            ; Untyped                              ;
; WRCONTROL_ACLR_B                   ; NONE                            ; Untyped                              ;
; ADDRESS_ACLR_B                     ; NONE                            ; Untyped                              ;
; OUTDATA_ACLR_B                     ; NONE                            ; Untyped                              ;
; RDCONTROL_ACLR_B                   ; NONE                            ; Untyped                              ;
; BYTEENA_ACLR_B                     ; NONE                            ; Untyped                              ;
; WIDTH_BYTEENA_A                    ; 1                               ; Signed Integer                       ;
; WIDTH_BYTEENA_B                    ; 1                               ; Signed Integer                       ;
; RAM_BLOCK_TYPE                     ; AUTO                            ; Untyped                              ;
; BYTE_SIZE                          ; 8                               ; Untyped                              ;
; READ_DURING_WRITE_MODE_MIXED_PORTS ; DONT_CARE                       ; Untyped                              ;
; READ_DURING_WRITE_MODE_PORT_A      ; NEW_DATA_WITH_NBE_READ          ; Untyped                              ;
; READ_DURING_WRITE_MODE_PORT_B      ; NEW_DATA_WITH_NBE_READ          ; Untyped                              ;
; INIT_FILE                          ; ../LC3_instruction_mem_init.mif ; Untyped                              ;
; INIT_FILE_LAYOUT                   ; PORT_A                          ; Untyped                              ;
; MAXIMUM_DEPTH                      ; 0                               ; Untyped                              ;
; CLOCK_ENABLE_INPUT_A               ; BYPASS                          ; Untyped                              ;
; CLOCK_ENABLE_INPUT_B               ; BYPASS                          ; Untyped                              ;
; CLOCK_ENABLE_OUTPUT_A              ; BYPASS                          ; Untyped                              ;
; CLOCK_ENABLE_OUTPUT_B              ; BYPASS                          ; Untyped                              ;
; CLOCK_ENABLE_CORE_A                ; USE_INPUT_CLKEN                 ; Untyped                              ;
; CLOCK_ENABLE_CORE_B                ; USE_INPUT_CLKEN                 ; Untyped                              ;
; ENABLE_ECC                         ; FALSE                           ; Untyped                              ;
; ECC_PIPELINE_STAGE_ENABLED         ; FALSE                           ; Untyped                              ;
; WIDTH_ECCSTATUS                    ; 3                               ; Untyped                              ;
; DEVICE_FAMILY                      ; Cyclone IV E                    ; Untyped                              ;
; CBXI_PARAMETER                     ; altsyncram_tpg2                 ; Untyped                              ;
+------------------------------------+---------------------------------+--------------------------------------+
Note: In order to hide this table in the UI and the text report file, please set the "Show Parameter Settings in Synthesis Report" option in "Analysis and Synthesis Settings -> More Settings" to "Off".


+------------------------------------------------------------------------------------------------------------+
; altsyncram Parameter Settings by Entity Instance                                                           ;
+-------------------------------------------+----------------------------------------------------------------+
; Name                                      ; Value                                                          ;
+-------------------------------------------+----------------------------------------------------------------+
; Number of entity instances                ; 1                                                              ;
; Entity Instance                           ; two_port_ram:two_port_ram_inst|altsyncram:altsyncram_component ;
;     -- OPERATION_MODE                     ; BIDIR_DUAL_PORT                                                ;
;     -- WIDTH_A                            ; 16                                                             ;
;     -- NUMWORDS_A                         ; 65536                                                          ;
;     -- OUTDATA_REG_A                      ; CLOCK0                                                         ;
;     -- WIDTH_B                            ; 16                                                             ;
;     -- NUMWORDS_B                         ; 65536                                                          ;
;     -- ADDRESS_REG_B                      ; CLOCK1                                                         ;
;     -- OUTDATA_REG_B                      ; CLOCK1                                                         ;
;     -- RAM_BLOCK_TYPE                     ; AUTO                                                           ;
;     -- READ_DURING_WRITE_MODE_MIXED_PORTS ; DONT_CARE                                                      ;
+-------------------------------------------+----------------------------------------------------------------+


+-----------------------------------------------------+
; Post-Synthesis Netlist Statistics for Top Partition ;
+-----------------------+-----------------------------+
; Type                  ; Count                       ;
+-----------------------+-----------------------------+
; boundary_port         ; 119                         ;
; cycloneiii_ff         ; 44                          ;
;     SCLR              ; 32                          ;
;     plain             ; 12                          ;
; cycloneiii_lcell_comb ; 240                         ;
;     normal            ; 240                         ;
;         3 data inputs ; 64                          ;
;         4 data inputs ; 176                         ;
; cycloneiii_ram_block  ; 128                         ;
;                       ;                             ;
; Max LUT depth         ; 4.00                        ;
; Average LUT depth     ; 2.65                        ;
+-----------------------+-----------------------------+


+-------------------------------+
; Elapsed Time Per Partition    ;
+----------------+--------------+
; Partition Name ; Elapsed Time ;
+----------------+--------------+
; Top            ; 00:00:01     ;
+----------------+--------------+


+-------------------------------+
; Analysis & Synthesis Messages ;
+-------------------------------+
Info: *******************************************************************
Info: Running Quartus Prime Analysis & Synthesis
    Info: Version 18.1.0 Build 625 09/12/2018 SJ Lite Edition
    Info: Processing started: Tue Feb 26 15:20:52 2019
Info: Command: quartus_map --read_settings_files=on --write_settings_files=off Memory -c Memory
Warning (18236): Number of processors has not been specified which may cause overloading on shared machines.  Set the global assignment NUM_PARALLEL_PROCESSORS in your QSF to an appropriate value for best performance.
Info (20029): Only one processor detected - disabling parallel compilation
Info (12021): Found 1 design units, including 1 entities, in source file /users/user1/digital logic/lc-3/pc/d_negedge_flip_flop.v
    Info (12023): Found entity 1: d_negedge_flip_flop File: C:/Users/USER1/Digital Logic/LC-3/PC/d_negedge_flip_flop.v Line: 7
Info (12021): Found 1 design units, including 1 entities, in source file /users/user1/digital logic/lc-3/pc/bit_16_register.v
    Info (12023): Found entity 1: bit_16_register File: C:/Users/USER1/Digital Logic/LC-3/PC/bit_16_register.v Line: 9
Info (12021): Found 1 design units, including 1 entities, in source file memory.v
    Info (12023): Found entity 1: Memory File: C:/Users/USER1/Digital Logic/LC-3/Memory/Memory.v Line: 6
Info (12021): Found 1 design units, including 1 entities, in source file two_port_ram.v
    Info (12023): Found entity 1: two_port_ram File: C:/Users/USER1/Digital Logic/LC-3/Memory/two_port_ram.v Line: 39
Info (12127): Elaborating entity "Memory" for the top level hierarchy
Warning (10240): Verilog HDL Always Construct warning at Memory.v(39): inferring latch(es) for variable "MDRIn", which holds its previous value in one or more paths through the always construct File: C:/Users/USER1/Digital Logic/LC-3/Memory/Memory.v Line: 39
Info (12128): Elaborating entity "bit_16_register" for hierarchy "bit_16_register:MAR_reg" File: C:/Users/USER1/Digital Logic/LC-3/Memory/Memory.v Line: 48
Info (12128): Elaborating entity "d_negedge_flip_flop" for hierarchy "bit_16_register:MAR_reg|d_negedge_flip_flop:ff_0" File: C:/Users/USER1/Digital Logic/LC-3/PC/bit_16_register.v Line: 15
Info (12128): Elaborating entity "two_port_ram" for hierarchy "two_port_ram:two_port_ram_inst" File: C:/Users/USER1/Digital Logic/LC-3/Memory/Memory.v Line: 62
Info (12128): Elaborating entity "altsyncram" for hierarchy "two_port_ram:two_port_ram_inst|altsyncram:altsyncram_component" File: C:/Users/USER1/Digital Logic/LC-3/Memory/two_port_ram.v Line: 99
Info (12130): Elaborated megafunction instantiation "two_port_ram:two_port_ram_inst|altsyncram:altsyncram_component" File: C:/Users/USER1/Digital Logic/LC-3/Memory/two_port_ram.v Line: 99
Info (12133): Instantiated megafunction "two_port_ram:two_port_ram_inst|altsyncram:altsyncram_component" with the following parameter: File: C:/Users/USER1/Digital Logic/LC-3/Memory/two_port_ram.v Line: 99
    Info (12134): Parameter "address_reg_b" = "CLOCK1"
    Info (12134): Parameter "clock_enable_input_a" = "BYPASS"
    Info (12134): Parameter "clock_enable_input_b" = "BYPASS"
    Info (12134): Parameter "clock_enable_output_a" = "BYPASS"
    Info (12134): Parameter "clock_enable_output_b" = "BYPASS"
    Info (12134): Parameter "indata_reg_b" = "CLOCK1"
    Info (12134): Parameter "init_file" = "../LC3_instruction_mem_init.mif"
    Info (12134): Parameter "intended_device_family" = "Cyclone IV E"
    Info (12134): Parameter "lpm_type" = "altsyncram"
    Info (12134): Parameter "numwords_a" = "65536"
    Info (12134): Parameter "numwords_b" = "65536"
    Info (12134): Parameter "operation_mode" = "BIDIR_DUAL_PORT"
    Info (12134): Parameter "outdata_aclr_a" = "NONE"
    Info (12134): Parameter "outdata_aclr_b" = "NONE"
    Info (12134): Parameter "outdata_reg_a" = "CLOCK0"
    Info (12134): Parameter "outdata_reg_b" = "CLOCK1"
    Info (12134): Parameter "power_up_uninitialized" = "FALSE"
    Info (12134): Parameter "read_during_write_mode_port_a" = "NEW_DATA_WITH_NBE_READ"
    Info (12134): Parameter "read_during_write_mode_port_b" = "NEW_DATA_WITH_NBE_READ"
    Info (12134): Parameter "widthad_a" = "16"
    Info (12134): Parameter "widthad_b" = "16"
    Info (12134): Parameter "width_a" = "16"
    Info (12134): Parameter "width_b" = "16"
    Info (12134): Parameter "width_byteena_a" = "1"
    Info (12134): Parameter "width_byteena_b" = "1"
    Info (12134): Parameter "wrcontrol_wraddress_reg_b" = "CLOCK1"
Info (12021): Found 1 design units, including 1 entities, in source file db/altsyncram_tpg2.tdf
    Info (12023): Found entity 1: altsyncram_tpg2 File: C:/Users/USER1/Digital Logic/LC-3/Memory/db/altsyncram_tpg2.tdf Line: 33
Info (12128): Elaborating entity "altsyncram_tpg2" for hierarchy "two_port_ram:two_port_ram_inst|altsyncram:altsyncram_component|altsyncram_tpg2:auto_generated" File: c:/intelfpga_lite/18.1/quartus/libraries/megafunctions/altsyncram.tdf Line: 791
Info (12021): Found 1 design units, including 1 entities, in source file db/decode_rsa.tdf
    Info (12023): Found entity 1: decode_rsa File: C:/Users/USER1/Digital Logic/LC-3/Memory/db/decode_rsa.tdf Line: 22
Info (12128): Elaborating entity "decode_rsa" for hierarchy "two_port_ram:two_port_ram_inst|altsyncram:altsyncram_component|altsyncram_tpg2:auto_generated|decode_rsa:decode2" File: C:/Users/USER1/Digital Logic/LC-3/Memory/db/altsyncram_tpg2.tdf Line: 51
Info (12021): Found 1 design units, including 1 entities, in source file db/decode_k8a.tdf
    Info (12023): Found entity 1: decode_k8a File: C:/Users/USER1/Digital Logic/LC-3/Memory/db/decode_k8a.tdf Line: 22
Info (12128): Elaborating entity "decode_k8a" for hierarchy "two_port_ram:two_port_ram_inst|altsyncram:altsyncram_component|altsyncram_tpg2:auto_generated|decode_k8a:rden_decode_a" File: C:/Users/USER1/Digital Logic/LC-3/Memory/db/altsyncram_tpg2.tdf Line: 53
Info (12021): Found 1 design units, including 1 entities, in source file db/mux_qob.tdf
    Info (12023): Found entity 1: mux_qob File: C:/Users/USER1/Digital Logic/LC-3/Memory/db/mux_qob.tdf Line: 22
Info (12128): Elaborating entity "mux_qob" for hierarchy "two_port_ram:two_port_ram_inst|altsyncram:altsyncram_component|altsyncram_tpg2:auto_generated|mux_qob:mux4" File: C:/Users/USER1/Digital Logic/LC-3/Memory/db/altsyncram_tpg2.tdf Line: 55
Info (286030): Timing-Driven Synthesis is running
Info (16010): Generating hard_block partition "hard_block:auto_generated_inst"
    Info (16011): Adding 0 node(s), including 0 DDIO, 0 PLL, 0 transceiver and 0 LCELL
Info (21057): Implemented 499 device resources after synthesis - the final resource count might be different
    Info (21058): Implemented 55 input pins
    Info (21059): Implemented 64 output pins
    Info (21061): Implemented 252 logic cells
    Info (21064): Implemented 128 RAM segments
Info: Quartus Prime Analysis & Synthesis was successful. 0 errors, 2 warnings
    Info: Peak virtual memory: 4774 megabytes
    Info: Processing ended: Tue Feb 26 15:21:26 2019
    Info: Elapsed time: 00:00:34
    Info: Total CPU time (on all processors): 00:00:31


