Analysis & Synthesis report for PC
Wed Feb 06 09:50:23 2019
Quartus Prime Version 18.1.0 Build 625 09/12/2018 SJ Lite Edition


---------------------
; Table of Contents ;
---------------------
  1. Legal Notice
  2. Analysis & Synthesis Summary
  3. Analysis & Synthesis Settings
  4. Analysis & Synthesis Source Files Read
  5. Analysis & Synthesis Resource Usage Summary
  6. Analysis & Synthesis Resource Utilization by Entity
  7. User-Specified and Inferred Latches
  8. General Register Statistics
  9. Multiplexer Restructuring Statistics (Restructuring Performed)
 10. Post-Synthesis Netlist Statistics for Top Partition
 11. Elapsed Time Per Partition
 12. Analysis & Synthesis Messages



----------------
; Legal Notice ;
----------------
Copyright (C) 2018  Intel Corporation. All rights reserved.
Your use of Intel Corporation's design tools, logic functions 
and other software and tools, and its AMPP partner logic 
functions, and any output files from any of the foregoing 
(including device programming or simulation files), and any 
associated documentation or information are expressly subject 
to the terms and conditions of the Intel Program License 
Subscription Agreement, the Intel Quartus Prime License Agreement,
the Intel FPGA IP License Agreement, or other applicable license
agreement, including, without limitation, that your use is for
the sole purpose of programming logic devices manufactured by
Intel and sold by Intel or its authorized distributors.  Please
refer to the applicable agreement for further details.



+----------------------------------------------------------------------------------+
; Analysis & Synthesis Summary                                                     ;
+------------------------------------+---------------------------------------------+
; Analysis & Synthesis Status        ; Successful - Wed Feb 06 09:50:23 2019       ;
; Quartus Prime Version              ; 18.1.0 Build 625 09/12/2018 SJ Lite Edition ;
; Revision Name                      ; PC                                          ;
; Top-level Entity Name              ; PC                                          ;
; Family                             ; Cyclone IV E                                ;
; Total logic elements               ; 81                                          ;
;     Total combinational functions  ; 81                                          ;
;     Dedicated logic registers      ; 32                                          ;
; Total registers                    ; 32                                          ;
; Total pins                         ; 53                                          ;
; Total virtual pins                 ; 0                                           ;
; Total memory bits                  ; 0                                           ;
; Embedded Multiplier 9-bit elements ; 0                                           ;
; Total PLLs                         ; 0                                           ;
+------------------------------------+---------------------------------------------+


+------------------------------------------------------------------------------------------------------------+
; Analysis & Synthesis Settings                                                                              ;
+------------------------------------------------------------------+--------------------+--------------------+
; Option                                                           ; Setting            ; Default Value      ;
+------------------------------------------------------------------+--------------------+--------------------+
; Device                                                           ; EP4CE115F29C7      ;                    ;
; Top-level entity name                                            ; PC                 ; PC                 ;
; Family name                                                      ; Cyclone IV E       ; Cyclone V          ;
; Use smart compilation                                            ; Off                ; Off                ;
; Enable parallel Assembler and Timing Analyzer during compilation ; On                 ; On                 ;
; Enable compact report table                                      ; Off                ; Off                ;
; Restructure Multiplexers                                         ; Auto               ; Auto               ;
; Create Debugging Nodes for IP Cores                              ; Off                ; Off                ;
; Preserve fewer node names                                        ; On                 ; On                 ;
; Intel FPGA IP Evaluation Mode                                    ; Enable             ; Enable             ;
; Verilog Version                                                  ; Verilog_2001       ; Verilog_2001       ;
; VHDL Version                                                     ; VHDL_1993          ; VHDL_1993          ;
; State Machine Processing                                         ; Auto               ; Auto               ;
; Safe State Machine                                               ; Off                ; Off                ;
; Extract Verilog State Machines                                   ; On                 ; On                 ;
; Extract VHDL State Machines                                      ; On                 ; On                 ;
; Ignore Verilog initial constructs                                ; Off                ; Off                ;
; Iteration limit for constant Verilog loops                       ; 5000               ; 5000               ;
; Iteration limit for non-constant Verilog loops                   ; 250                ; 250                ;
; Add Pass-Through Logic to Inferred RAMs                          ; On                 ; On                 ;
; Infer RAMs from Raw Logic                                        ; On                 ; On                 ;
; Parallel Synthesis                                               ; On                 ; On                 ;
; DSP Block Balancing                                              ; Auto               ; Auto               ;
; NOT Gate Push-Back                                               ; On                 ; On                 ;
; Power-Up Don't Care                                              ; On                 ; On                 ;
; Remove Redundant Logic Cells                                     ; Off                ; Off                ;
; Remove Duplicate Registers                                       ; On                 ; On                 ;
; Ignore CARRY Buffers                                             ; Off                ; Off                ;
; Ignore CASCADE Buffers                                           ; Off                ; Off                ;
; Ignore GLOBAL Buffers                                            ; Off                ; Off                ;
; Ignore ROW GLOBAL Buffers                                        ; Off                ; Off                ;
; Ignore LCELL Buffers                                             ; Off                ; Off                ;
; Ignore SOFT Buffers                                              ; On                 ; On                 ;
; Limit AHDL Integers to 32 Bits                                   ; Off                ; Off                ;
; Optimization Technique                                           ; Balanced           ; Balanced           ;
; Carry Chain Length                                               ; 70                 ; 70                 ;
; Auto Carry Chains                                                ; On                 ; On                 ;
; Auto Open-Drain Pins                                             ; On                 ; On                 ;
; Perform WYSIWYG Primitive Resynthesis                            ; Off                ; Off                ;
; Auto ROM Replacement                                             ; On                 ; On                 ;
; Auto RAM Replacement                                             ; On                 ; On                 ;
; Auto DSP Block Replacement                                       ; On                 ; On                 ;
; Auto Shift Register Replacement                                  ; Auto               ; Auto               ;
; Allow Shift Register Merging across Hierarchies                  ; Auto               ; Auto               ;
; Auto Clock Enable Replacement                                    ; On                 ; On                 ;
; Strict RAM Replacement                                           ; Off                ; Off                ;
; Allow Synchronous Control Signals                                ; On                 ; On                 ;
; Force Use of Synchronous Clear Signals                           ; Off                ; Off                ;
; Auto RAM Block Balancing                                         ; On                 ; On                 ;
; Auto RAM to Logic Cell Conversion                                ; Off                ; Off                ;
; Auto Resource Sharing                                            ; Off                ; Off                ;
; Allow Any RAM Size For Recognition                               ; Off                ; Off                ;
; Allow Any ROM Size For Recognition                               ; Off                ; Off                ;
; Allow Any Shift Register Size For Recognition                    ; Off                ; Off                ;
; Use LogicLock Constraints during Resource Balancing              ; On                 ; On                 ;
; Ignore translate_off and synthesis_off directives                ; Off                ; Off                ;
; Timing-Driven Synthesis                                          ; On                 ; On                 ;
; Report Parameter Settings                                        ; On                 ; On                 ;
; Report Source Assignments                                        ; On                 ; On                 ;
; Report Connectivity Checks                                       ; On                 ; On                 ;
; Ignore Maximum Fan-Out Assignments                               ; Off                ; Off                ;
; Synchronization Register Chain Length                            ; 2                  ; 2                  ;
; Power Optimization During Synthesis                              ; Normal compilation ; Normal compilation ;
; HDL message level                                                ; Level2             ; Level2             ;
; Suppress Register Optimization Related Messages                  ; Off                ; Off                ;
; Number of Removed Registers Reported in Synthesis Report         ; 5000               ; 5000               ;
; Number of Swept Nodes Reported in Synthesis Report               ; 5000               ; 5000               ;
; Number of Inverted Registers Reported in Synthesis Report        ; 100                ; 100                ;
; Clock MUX Protection                                             ; On                 ; On                 ;
; Auto Gated Clock Conversion                                      ; Off                ; Off                ;
; Block Design Naming                                              ; Auto               ; Auto               ;
; SDC constraint protection                                        ; Off                ; Off                ;
; Synthesis Effort                                                 ; Auto               ; Auto               ;
; Shift Register Replacement - Allow Asynchronous Clear Signal     ; On                 ; On                 ;
; Pre-Mapping Resynthesis Optimization                             ; Off                ; Off                ;
; Analysis & Synthesis Message Level                               ; Medium             ; Medium             ;
; Disable Register Merging Across Hierarchies                      ; Auto               ; Auto               ;
; Resource Aware Inference For Block RAM                           ; On                 ; On                 ;
+------------------------------------------------------------------+--------------------+--------------------+


+----------------------------------------------------------------------------------------------------------------------------------------------------+
; Analysis & Synthesis Source Files Read                                                                                                             ;
+----------------------------------+-----------------+------------------------+------------------------------------------------------------+---------+
; File Name with User-Entered Path ; Used in Netlist ; File Type              ; File Name with Absolute Path                               ; Library ;
+----------------------------------+-----------------+------------------------+------------------------------------------------------------+---------+
; bit_16_register.v                ; yes             ; User Verilog HDL File  ; C:/Users/USER1/Digital Logic/LC-3/PC/bit_16_register.v     ;         ;
; d_negedge_flip_flop.v            ; yes             ; User Verilog HDL File  ; C:/Users/USER1/Digital Logic/LC-3/PC/d_negedge_flip_flop.v ;         ;
; PC.v                             ; yes             ; User Verilog HDL File  ; C:/Users/USER1/Digital Logic/LC-3/PC/PC.v                  ;         ;
+----------------------------------+-----------------+------------------------+------------------------------------------------------------+---------+


+--------------------------------------------------------------+
; Analysis & Synthesis Resource Usage Summary                  ;
+---------------------------------------------+----------------+
; Resource                                    ; Usage          ;
+---------------------------------------------+----------------+
; Estimated Total logic elements              ; 81             ;
;                                             ;                ;
; Total combinational functions               ; 81             ;
; Logic element usage by number of LUT inputs ;                ;
;     -- 4 input functions                    ; 16             ;
;     -- 3 input functions                    ; 49             ;
;     -- <=2 input functions                  ; 16             ;
;                                             ;                ;
; Logic elements by mode                      ;                ;
;     -- normal mode                          ; 67             ;
;     -- arithmetic mode                      ; 14             ;
;                                             ;                ;
; Total registers                             ; 32             ;
;     -- Dedicated logic registers            ; 32             ;
;     -- I/O registers                        ; 0              ;
;                                             ;                ;
; I/O pins                                    ; 53             ;
;                                             ;                ;
; Embedded Multiplier 9-bit elements          ; 0              ;
;                                             ;                ;
; Maximum fan-out node                        ; selPC[1]~input ;
; Maximum fan-out                             ; 33             ;
; Total fan-out                               ; 390            ;
; Average fan-out                             ; 1.78           ;
+---------------------------------------------+----------------+


+----------------------------------------------------------------------------------------------------------------------------------------------------------------------------------------------------------------------------------------------------------+
; Analysis & Synthesis Resource Utilization by Entity                                                                                                                                                                                                      ;
+-----------------------------------+---------------------+---------------------------+-------------+--------------+---------+-----------+------+--------------+------------------------------------------------------+---------------------+--------------+
; Compilation Hierarchy Node        ; Combinational ALUTs ; Dedicated Logic Registers ; Memory Bits ; DSP Elements ; DSP 9x9 ; DSP 18x18 ; Pins ; Virtual Pins ; Full Hierarchy Name                                  ; Entity Name         ; Library Name ;
+-----------------------------------+---------------------+---------------------------+-------------+--------------+---------+-----------+------+--------------+------------------------------------------------------+---------------------+--------------+
; |PC                               ; 81 (65)             ; 32 (16)                   ; 0           ; 0            ; 0       ; 0         ; 53   ; 0            ; |PC                                                  ;                     ;              ;
;    |bit_16_register:pc_reg|       ; 16 (0)              ; 16 (0)                    ; 0           ; 0            ; 0       ; 0         ; 0    ; 0            ; |PC|bit_16_register:pc_reg                           ; bit_16_register     ; work         ;
;       |d_negedge_flip_flop:ff_0|  ; 1 (1)               ; 1 (1)                     ; 0           ; 0            ; 0       ; 0         ; 0    ; 0            ; |PC|bit_16_register:pc_reg|d_negedge_flip_flop:ff_0  ; d_negedge_flip_flop ; work         ;
;       |d_negedge_flip_flop:ff_10| ; 1 (1)               ; 1 (1)                     ; 0           ; 0            ; 0       ; 0         ; 0    ; 0            ; |PC|bit_16_register:pc_reg|d_negedge_flip_flop:ff_10 ; d_negedge_flip_flop ; work         ;
;       |d_negedge_flip_flop:ff_11| ; 1 (1)               ; 1 (1)                     ; 0           ; 0            ; 0       ; 0         ; 0    ; 0            ; |PC|bit_16_register:pc_reg|d_negedge_flip_flop:ff_11 ; d_negedge_flip_flop ; work         ;
;       |d_negedge_flip_flop:ff_12| ; 1 (1)               ; 1 (1)                     ; 0           ; 0            ; 0       ; 0         ; 0    ; 0            ; |PC|bit_16_register:pc_reg|d_negedge_flip_flop:ff_12 ; d_negedge_flip_flop ; work         ;
;       |d_negedge_flip_flop:ff_13| ; 1 (1)               ; 1 (1)                     ; 0           ; 0            ; 0       ; 0         ; 0    ; 0            ; |PC|bit_16_register:pc_reg|d_negedge_flip_flop:ff_13 ; d_negedge_flip_flop ; work         ;
;       |d_negedge_flip_flop:ff_14| ; 1 (1)               ; 1 (1)                     ; 0           ; 0            ; 0       ; 0         ; 0    ; 0            ; |PC|bit_16_register:pc_reg|d_negedge_flip_flop:ff_14 ; d_negedge_flip_flop ; work         ;
;       |d_negedge_flip_flop:ff_15| ; 1 (1)               ; 1 (1)                     ; 0           ; 0            ; 0       ; 0         ; 0    ; 0            ; |PC|bit_16_register:pc_reg|d_negedge_flip_flop:ff_15 ; d_negedge_flip_flop ; work         ;
;       |d_negedge_flip_flop:ff_1|  ; 1 (1)               ; 1 (1)                     ; 0           ; 0            ; 0       ; 0         ; 0    ; 0            ; |PC|bit_16_register:pc_reg|d_negedge_flip_flop:ff_1  ; d_negedge_flip_flop ; work         ;
;       |d_negedge_flip_flop:ff_2|  ; 1 (1)               ; 1 (1)                     ; 0           ; 0            ; 0       ; 0         ; 0    ; 0            ; |PC|bit_16_register:pc_reg|d_negedge_flip_flop:ff_2  ; d_negedge_flip_flop ; work         ;
;       |d_negedge_flip_flop:ff_3|  ; 1 (1)               ; 1 (1)                     ; 0           ; 0            ; 0       ; 0         ; 0    ; 0            ; |PC|bit_16_register:pc_reg|d_negedge_flip_flop:ff_3  ; d_negedge_flip_flop ; work         ;
;       |d_negedge_flip_flop:ff_4|  ; 1 (1)               ; 1 (1)                     ; 0           ; 0            ; 0       ; 0         ; 0    ; 0            ; |PC|bit_16_register:pc_reg|d_negedge_flip_flop:ff_4  ; d_negedge_flip_flop ; work         ;
;       |d_negedge_flip_flop:ff_5|  ; 1 (1)               ; 1 (1)                     ; 0           ; 0            ; 0       ; 0         ; 0    ; 0            ; |PC|bit_16_register:pc_reg|d_negedge_flip_flop:ff_5  ; d_negedge_flip_flop ; work         ;
;       |d_negedge_flip_flop:ff_6|  ; 1 (1)               ; 1 (1)                     ; 0           ; 0            ; 0       ; 0         ; 0    ; 0            ; |PC|bit_16_register:pc_reg|d_negedge_flip_flop:ff_6  ; d_negedge_flip_flop ; work         ;
;       |d_negedge_flip_flop:ff_7|  ; 1 (1)               ; 1 (1)                     ; 0           ; 0            ; 0       ; 0         ; 0    ; 0            ; |PC|bit_16_register:pc_reg|d_negedge_flip_flop:ff_7  ; d_negedge_flip_flop ; work         ;
;       |d_negedge_flip_flop:ff_8|  ; 1 (1)               ; 1 (1)                     ; 0           ; 0            ; 0       ; 0         ; 0    ; 0            ; |PC|bit_16_register:pc_reg|d_negedge_flip_flop:ff_8  ; d_negedge_flip_flop ; work         ;
;       |d_negedge_flip_flop:ff_9|  ; 1 (1)               ; 1 (1)                     ; 0           ; 0            ; 0       ; 0         ; 0    ; 0            ; |PC|bit_16_register:pc_reg|d_negedge_flip_flop:ff_9  ; d_negedge_flip_flop ; work         ;
+-----------------------------------+---------------------+---------------------------+-------------+--------------+---------+-----------+------+--------------+------------------------------------------------------+---------------------+--------------+
Note: For table entries with two numbers listed, the numbers in parentheses indicate the number of resources of the given type used by the specific entity alone. The numbers listed outside of parentheses indicate the total resources of the given type used by the specific entity and all of its sub-entities in the hierarchy.


+----------------------------------------------------------------------------------------------------+
; User-Specified and Inferred Latches                                                                ;
+-----------------------------------------------------+---------------------+------------------------+
; Latch Name                                          ; Latch Enable Signal ; Free of Timing Hazards ;
+-----------------------------------------------------+---------------------+------------------------+
; PC[0]                                               ; PC[0]               ; yes                    ;
; PC[1]                                               ; PC[0]               ; yes                    ;
; PC[2]                                               ; PC[0]               ; yes                    ;
; PC[3]                                               ; PC[0]               ; yes                    ;
; PC[4]                                               ; PC[0]               ; yes                    ;
; PC[5]                                               ; PC[0]               ; yes                    ;
; PC[6]                                               ; PC[0]               ; yes                    ;
; PC[7]                                               ; PC[0]               ; yes                    ;
; PC[8]                                               ; PC[0]               ; yes                    ;
; PC[9]                                               ; PC[0]               ; yes                    ;
; PC[10]                                              ; PC[0]               ; yes                    ;
; PC[11]                                              ; PC[0]               ; yes                    ;
; PC[12]                                              ; PC[0]               ; yes                    ;
; PC[13]                                              ; PC[0]               ; yes                    ;
; PC[14]                                              ; PC[0]               ; yes                    ;
; PC[15]                                              ; PC[0]               ; yes                    ;
; Number of user-specified and inferred latches = 16  ;                     ;                        ;
+-----------------------------------------------------+---------------------+------------------------+
Note: All latches listed above may not be present at the end of synthesis due to various synthesis optimizations.


+------------------------------------------------------+
; General Register Statistics                          ;
+----------------------------------------------+-------+
; Statistic                                    ; Value ;
+----------------------------------------------+-------+
; Total registers                              ; 32    ;
; Number of registers using Synchronous Clear  ; 16    ;
; Number of registers using Synchronous Load   ; 0     ;
; Number of registers using Asynchronous Clear ; 0     ;
; Number of registers using Asynchronous Load  ; 0     ;
; Number of registers using Clock Enable       ; 0     ;
; Number of registers using Preset             ; 0     ;
+----------------------------------------------+-------+


+------------------------------------------------------------------------------------------------------------------------------------------+
; Multiplexer Restructuring Statistics (Restructuring Performed)                                                                           ;
+--------------------+-----------+---------------+----------------------+------------------------+------------+----------------------------+
; Multiplexer Inputs ; Bus Width ; Baseline Area ; Area if Restructured ; Saving if Restructured ; Registered ; Example Multiplexer Output ;
+--------------------+-----------+---------------+----------------------+------------------------+------------+----------------------------+
; 3:1                ; 16 bits   ; 32 LEs        ; 32 LEs               ; 0 LEs                  ; No         ; |PC|PC[0]                  ;
+--------------------+-----------+---------------+----------------------+------------------------+------------+----------------------------+


+-----------------------------------------------------+
; Post-Synthesis Netlist Statistics for Top Partition ;
+-----------------------+-----------------------------+
; Type                  ; Count                       ;
+-----------------------+-----------------------------+
; boundary_port         ; 53                          ;
; cycloneiii_ff         ; 32                          ;
;     SCLR              ; 16                          ;
;     plain             ; 16                          ;
; cycloneiii_lcell_comb ; 81                          ;
;     arith             ; 14                          ;
;         2 data inputs ; 13                          ;
;         3 data inputs ; 1                           ;
;     normal            ; 67                          ;
;         1 data inputs ; 2                           ;
;         2 data inputs ; 1                           ;
;         3 data inputs ; 48                          ;
;         4 data inputs ; 16                          ;
;                       ;                             ;
; Max LUT depth         ; 3.00                        ;
; Average LUT depth     ; 2.23                        ;
+-----------------------+-----------------------------+


+-------------------------------+
; Elapsed Time Per Partition    ;
+----------------+--------------+
; Partition Name ; Elapsed Time ;
+----------------+--------------+
; Top            ; 00:00:01     ;
+----------------+--------------+


+-------------------------------+
; Analysis & Synthesis Messages ;
+-------------------------------+
Info: *******************************************************************
Info: Running Quartus Prime Analysis & Synthesis
    Info: Version 18.1.0 Build 625 09/12/2018 SJ Lite Edition
    Info: Processing started: Wed Feb 06 09:49:41 2019
Info: Command: quartus_map --read_settings_files=on --write_settings_files=off PC -c PC
Warning (18236): Number of processors has not been specified which may cause overloading on shared machines.  Set the global assignment NUM_PARALLEL_PROCESSORS in your QSF to an appropriate value for best performance.
Info (20029): Only one processor detected - disabling parallel compilation
Info (12021): Found 1 design units, including 1 entities, in source file bit_16_register.v
    Info (12023): Found entity 1: bit_16_register File: C:/Users/USER1/Digital Logic/LC-3/PC/bit_16_register.v Line: 9
Info (12021): Found 1 design units, including 1 entities, in source file d_negedge_flip_flop.v
    Info (12023): Found entity 1: d_negedge_flip_flop File: C:/Users/USER1/Digital Logic/LC-3/PC/d_negedge_flip_flop.v Line: 7
Info (12021): Found 1 design units, including 1 entities, in source file pc.v
    Info (12023): Found entity 1: PC File: C:/Users/USER1/Digital Logic/LC-3/PC/PC.v Line: 4
Info (12127): Elaborating entity "PC" for the top level hierarchy
Warning (10230): Verilog HDL assignment warning at PC.v(28): truncated value with size 32 to match size of target (16) File: C:/Users/USER1/Digital Logic/LC-3/PC/PC.v Line: 28
Warning (10240): Verilog HDL Always Construct warning at PC.v(30): inferring latch(es) for variable "PC", which holds its previous value in one or more paths through the always construct File: C:/Users/USER1/Digital Logic/LC-3/PC/PC.v Line: 30
Info (10041): Inferred latch for "PC[0]" at PC.v(34) File: C:/Users/USER1/Digital Logic/LC-3/PC/PC.v Line: 34
Info (10041): Inferred latch for "PC[1]" at PC.v(34) File: C:/Users/USER1/Digital Logic/LC-3/PC/PC.v Line: 34
Info (10041): Inferred latch for "PC[2]" at PC.v(34) File: C:/Users/USER1/Digital Logic/LC-3/PC/PC.v Line: 34
Info (10041): Inferred latch for "PC[3]" at PC.v(34) File: C:/Users/USER1/Digital Logic/LC-3/PC/PC.v Line: 34
Info (10041): Inferred latch for "PC[4]" at PC.v(34) File: C:/Users/USER1/Digital Logic/LC-3/PC/PC.v Line: 34
Info (10041): Inferred latch for "PC[5]" at PC.v(34) File: C:/Users/USER1/Digital Logic/LC-3/PC/PC.v Line: 34
Info (10041): Inferred latch for "PC[6]" at PC.v(34) File: C:/Users/USER1/Digital Logic/LC-3/PC/PC.v Line: 34
Info (10041): Inferred latch for "PC[7]" at PC.v(34) File: C:/Users/USER1/Digital Logic/LC-3/PC/PC.v Line: 34
Info (10041): Inferred latch for "PC[8]" at PC.v(34) File: C:/Users/USER1/Digital Logic/LC-3/PC/PC.v Line: 34
Info (10041): Inferred latch for "PC[9]" at PC.v(34) File: C:/Users/USER1/Digital Logic/LC-3/PC/PC.v Line: 34
Info (10041): Inferred latch for "PC[10]" at PC.v(34) File: C:/Users/USER1/Digital Logic/LC-3/PC/PC.v Line: 34
Info (10041): Inferred latch for "PC[11]" at PC.v(34) File: C:/Users/USER1/Digital Logic/LC-3/PC/PC.v Line: 34
Info (10041): Inferred latch for "PC[12]" at PC.v(34) File: C:/Users/USER1/Digital Logic/LC-3/PC/PC.v Line: 34
Info (10041): Inferred latch for "PC[13]" at PC.v(34) File: C:/Users/USER1/Digital Logic/LC-3/PC/PC.v Line: 34
Info (10041): Inferred latch for "PC[14]" at PC.v(34) File: C:/Users/USER1/Digital Logic/LC-3/PC/PC.v Line: 34
Info (10041): Inferred latch for "PC[15]" at PC.v(34) File: C:/Users/USER1/Digital Logic/LC-3/PC/PC.v Line: 34
Info (12128): Elaborating entity "bit_16_register" for hierarchy "bit_16_register:pc_reg" File: C:/Users/USER1/Digital Logic/LC-3/PC/PC.v Line: 25
Info (12128): Elaborating entity "d_negedge_flip_flop" for hierarchy "bit_16_register:pc_reg|d_negedge_flip_flop:ff_0" File: C:/Users/USER1/Digital Logic/LC-3/PC/bit_16_register.v Line: 15
Warning (13012): Latch PC[0] has unsafe behavior File: C:/Users/USER1/Digital Logic/LC-3/PC/PC.v Line: 34
    Warning (13013): Ports D and ENA on the latch are fed by the same signal selPC[1] File: C:/Users/USER1/Digital Logic/LC-3/PC/PC.v Line: 16
Warning (13012): Latch PC[1] has unsafe behavior File: C:/Users/USER1/Digital Logic/LC-3/PC/PC.v Line: 34
    Warning (13013): Ports D and ENA on the latch are fed by the same signal selPC[1] File: C:/Users/USER1/Digital Logic/LC-3/PC/PC.v Line: 16
Warning (13012): Latch PC[2] has unsafe behavior File: C:/Users/USER1/Digital Logic/LC-3/PC/PC.v Line: 34
    Warning (13013): Ports D and ENA on the latch are fed by the same signal selPC[1] File: C:/Users/USER1/Digital Logic/LC-3/PC/PC.v Line: 16
Warning (13012): Latch PC[3] has unsafe behavior File: C:/Users/USER1/Digital Logic/LC-3/PC/PC.v Line: 34
    Warning (13013): Ports D and ENA on the latch are fed by the same signal selPC[1] File: C:/Users/USER1/Digital Logic/LC-3/PC/PC.v Line: 16
Warning (13012): Latch PC[4] has unsafe behavior File: C:/Users/USER1/Digital Logic/LC-3/PC/PC.v Line: 34
    Warning (13013): Ports D and ENA on the latch are fed by the same signal selPC[1] File: C:/Users/USER1/Digital Logic/LC-3/PC/PC.v Line: 16
Warning (13012): Latch PC[5] has unsafe behavior File: C:/Users/USER1/Digital Logic/LC-3/PC/PC.v Line: 34
    Warning (13013): Ports D and ENA on the latch are fed by the same signal selPC[1] File: C:/Users/USER1/Digital Logic/LC-3/PC/PC.v Line: 16
Warning (13012): Latch PC[6] has unsafe behavior File: C:/Users/USER1/Digital Logic/LC-3/PC/PC.v Line: 34
    Warning (13013): Ports D and ENA on the latch are fed by the same signal selPC[1] File: C:/Users/USER1/Digital Logic/LC-3/PC/PC.v Line: 16
Warning (13012): Latch PC[7] has unsafe behavior File: C:/Users/USER1/Digital Logic/LC-3/PC/PC.v Line: 34
    Warning (13013): Ports D and ENA on the latch are fed by the same signal selPC[1] File: C:/Users/USER1/Digital Logic/LC-3/PC/PC.v Line: 16
Warning (13012): Latch PC[8] has unsafe behavior File: C:/Users/USER1/Digital Logic/LC-3/PC/PC.v Line: 34
    Warning (13013): Ports D and ENA on the latch are fed by the same signal selPC[1] File: C:/Users/USER1/Digital Logic/LC-3/PC/PC.v Line: 16
Warning (13012): Latch PC[9] has unsafe behavior File: C:/Users/USER1/Digital Logic/LC-3/PC/PC.v Line: 34
    Warning (13013): Ports D and ENA on the latch are fed by the same signal selPC[1] File: C:/Users/USER1/Digital Logic/LC-3/PC/PC.v Line: 16
Warning (13012): Latch PC[10] has unsafe behavior File: C:/Users/USER1/Digital Logic/LC-3/PC/PC.v Line: 34
    Warning (13013): Ports D and ENA on the latch are fed by the same signal selPC[1] File: C:/Users/USER1/Digital Logic/LC-3/PC/PC.v Line: 16
Warning (13012): Latch PC[11] has unsafe behavior File: C:/Users/USER1/Digital Logic/LC-3/PC/PC.v Line: 34
    Warning (13013): Ports D and ENA on the latch are fed by the same signal selPC[1] File: C:/Users/USER1/Digital Logic/LC-3/PC/PC.v Line: 16
Warning (13012): Latch PC[12] has unsafe behavior File: C:/Users/USER1/Digital Logic/LC-3/PC/PC.v Line: 34
    Warning (13013): Ports D and ENA on the latch are fed by the same signal selPC[1] File: C:/Users/USER1/Digital Logic/LC-3/PC/PC.v Line: 16
Warning (13012): Latch PC[13] has unsafe behavior File: C:/Users/USER1/Digital Logic/LC-3/PC/PC.v Line: 34
    Warning (13013): Ports D and ENA on the latch are fed by the same signal selPC[1] File: C:/Users/USER1/Digital Logic/LC-3/PC/PC.v Line: 16
Warning (13012): Latch PC[14] has unsafe behavior File: C:/Users/USER1/Digital Logic/LC-3/PC/PC.v Line: 34
    Warning (13013): Ports D and ENA on the latch are fed by the same signal selPC[1] File: C:/Users/USER1/Digital Logic/LC-3/PC/PC.v Line: 16
Warning (13012): Latch PC[15] has unsafe behavior File: C:/Users/USER1/Digital Logic/LC-3/PC/PC.v Line: 34
    Warning (13013): Ports D and ENA on the latch are fed by the same signal selPC[1] File: C:/Users/USER1/Digital Logic/LC-3/PC/PC.v Line: 16
Info (286030): Timing-Driven Synthesis is running
Info (16010): Generating hard_block partition "hard_block:auto_generated_inst"
    Info (16011): Adding 0 node(s), including 0 DDIO, 0 PLL, 0 transceiver and 0 LCELL
Info (21057): Implemented 134 device resources after synthesis - the final resource count might be different
    Info (21058): Implemented 37 input pins
    Info (21059): Implemented 16 output pins
    Info (21061): Implemented 81 logic cells
Info: Quartus Prime Analysis & Synthesis was successful. 0 errors, 35 warnings
    Info: Peak virtual memory: 4752 megabytes
    Info: Processing ended: Wed Feb 06 09:50:24 2019
    Info: Elapsed time: 00:00:43
    Info: Total CPU time (on all processors): 00:00:26


