Analysis & Synthesis report for LC3Control
Tue Feb 12 23:55:41 2019
Quartus Prime Version 18.1.0 Build 625 09/12/2018 SJ Lite Edition


---------------------
; Table of Contents ;
---------------------
  1. Legal Notice
  2. Analysis & Synthesis Summary
  3. Analysis & Synthesis Settings
  4. Analysis & Synthesis Source Files Read
  5. Analysis & Synthesis Resource Usage Summary
  6. Analysis & Synthesis Resource Utilization by Entity
  7. State Machine - |LC3Control|current_state
  8. State Machine - |LC3Control|next_state
  9. Registers Removed During Synthesis
 10. Removed Registers Triggering Further Register Optimizations
 11. General Register Statistics
 12. Multiplexer Restructuring Statistics (Restructuring Performed)
 13. Post-Synthesis Netlist Statistics for Top Partition
 14. Elapsed Time Per Partition
 15. Analysis & Synthesis Messages



----------------
; Legal Notice ;
----------------
Copyright (C) 2018  Intel Corporation. All rights reserved.
Your use of Intel Corporation's design tools, logic functions 
and other software and tools, and its AMPP partner logic 
functions, and any output files from any of the foregoing 
(including device programming or simulation files), and any 
associated documentation or information are expressly subject 
to the terms and conditions of the Intel Program License 
Subscription Agreement, the Intel Quartus Prime License Agreement,
the Intel FPGA IP License Agreement, or other applicable license
agreement, including, without limitation, that your use is for
the sole purpose of programming logic devices manufactured by
Intel and sold by Intel or its authorized distributors.  Please
refer to the applicable agreement for further details.



+----------------------------------------------------------------------------------+
; Analysis & Synthesis Summary                                                     ;
+------------------------------------+---------------------------------------------+
; Analysis & Synthesis Status        ; Successful - Tue Feb 12 23:55:41 2019       ;
; Quartus Prime Version              ; 18.1.0 Build 625 09/12/2018 SJ Lite Edition ;
; Revision Name                      ; LC3Control                                  ;
; Top-level Entity Name              ; LC3Control                                  ;
; Family                             ; Cyclone IV E                                ;
; Total logic elements               ; 0                                           ;
;     Total combinational functions  ; 0                                           ;
;     Dedicated logic registers      ; 0                                           ;
; Total registers                    ; 0                                           ;
; Total pins                         ; 49                                          ;
; Total virtual pins                 ; 0                                           ;
; Total memory bits                  ; 0                                           ;
; Embedded Multiplier 9-bit elements ; 0                                           ;
; Total PLLs                         ; 0                                           ;
+------------------------------------+---------------------------------------------+


+------------------------------------------------------------------------------------------------------------+
; Analysis & Synthesis Settings                                                                              ;
+------------------------------------------------------------------+--------------------+--------------------+
; Option                                                           ; Setting            ; Default Value      ;
+------------------------------------------------------------------+--------------------+--------------------+
; Device                                                           ; EP4CE115F29C7      ;                    ;
; Top-level entity name                                            ; LC3Control         ; LC3Control         ;
; Family name                                                      ; Cyclone IV E       ; Cyclone V          ;
; Use smart compilation                                            ; Off                ; Off                ;
; Enable parallel Assembler and Timing Analyzer during compilation ; On                 ; On                 ;
; Enable compact report table                                      ; Off                ; Off                ;
; Restructure Multiplexers                                         ; Auto               ; Auto               ;
; Create Debugging Nodes for IP Cores                              ; Off                ; Off                ;
; Preserve fewer node names                                        ; On                 ; On                 ;
; Intel FPGA IP Evaluation Mode                                    ; Enable             ; Enable             ;
; Verilog Version                                                  ; Verilog_2001       ; Verilog_2001       ;
; VHDL Version                                                     ; VHDL_1993          ; VHDL_1993          ;
; State Machine Processing                                         ; Auto               ; Auto               ;
; Safe State Machine                                               ; Off                ; Off                ;
; Extract Verilog State Machines                                   ; On                 ; On                 ;
; Extract VHDL State Machines                                      ; On                 ; On                 ;
; Ignore Verilog initial constructs                                ; Off                ; Off                ;
; Iteration limit for constant Verilog loops                       ; 5000               ; 5000               ;
; Iteration limit for non-constant Verilog loops                   ; 250                ; 250                ;
; Add Pass-Through Logic to Inferred RAMs                          ; On                 ; On                 ;
; Infer RAMs from Raw Logic                                        ; On                 ; On                 ;
; Parallel Synthesis                                               ; On                 ; On                 ;
; DSP Block Balancing                                              ; Auto               ; Auto               ;
; NOT Gate Push-Back                                               ; On                 ; On                 ;
; Power-Up Don't Care                                              ; On                 ; On                 ;
; Remove Redundant Logic Cells                                     ; Off                ; Off                ;
; Remove Duplicate Registers                                       ; On                 ; On                 ;
; Ignore CARRY Buffers                                             ; Off                ; Off                ;
; Ignore CASCADE Buffers                                           ; Off                ; Off                ;
; Ignore GLOBAL Buffers                                            ; Off                ; Off                ;
; Ignore ROW GLOBAL Buffers                                        ; Off                ; Off                ;
; Ignore LCELL Buffers                                             ; Off                ; Off                ;
; Ignore SOFT Buffers                                              ; On                 ; On                 ;
; Limit AHDL Integers to 32 Bits                                   ; Off                ; Off                ;
; Optimization Technique                                           ; Balanced           ; Balanced           ;
; Carry Chain Length                                               ; 70                 ; 70                 ;
; Auto Carry Chains                                                ; On                 ; On                 ;
; Auto Open-Drain Pins                                             ; On                 ; On                 ;
; Perform WYSIWYG Primitive Resynthesis                            ; Off                ; Off                ;
; Auto ROM Replacement                                             ; On                 ; On                 ;
; Auto RAM Replacement                                             ; On                 ; On                 ;
; Auto DSP Block Replacement                                       ; On                 ; On                 ;
; Auto Shift Register Replacement                                  ; Auto               ; Auto               ;
; Allow Shift Register Merging across Hierarchies                  ; Auto               ; Auto               ;
; Auto Clock Enable Replacement                                    ; On                 ; On                 ;
; Strict RAM Replacement                                           ; Off                ; Off                ;
; Allow Synchronous Control Signals                                ; On                 ; On                 ;
; Force Use of Synchronous Clear Signals                           ; Off                ; Off                ;
; Auto RAM Block Balancing                                         ; On                 ; On                 ;
; Auto RAM to Logic Cell Conversion                                ; Off                ; Off                ;
; Auto Resource Sharing                                            ; Off                ; Off                ;
; Allow Any RAM Size For Recognition                               ; Off                ; Off                ;
; Allow Any ROM Size For Recognition                               ; Off                ; Off                ;
; Allow Any Shift Register Size For Recognition                    ; Off                ; Off                ;
; Use LogicLock Constraints during Resource Balancing              ; On                 ; On                 ;
; Ignore translate_off and synthesis_off directives                ; Off                ; Off                ;
; Timing-Driven Synthesis                                          ; On                 ; On                 ;
; Report Parameter Settings                                        ; On                 ; On                 ;
; Report Source Assignments                                        ; On                 ; On                 ;
; Report Connectivity Checks                                       ; On                 ; On                 ;
; Ignore Maximum Fan-Out Assignments                               ; Off                ; Off                ;
; Synchronization Register Chain Length                            ; 2                  ; 2                  ;
; Power Optimization During Synthesis                              ; Normal compilation ; Normal compilation ;
; HDL message level                                                ; Level2             ; Level2             ;
; Suppress Register Optimization Related Messages                  ; Off                ; Off                ;
; Number of Removed Registers Reported in Synthesis Report         ; 5000               ; 5000               ;
; Number of Swept Nodes Reported in Synthesis Report               ; 5000               ; 5000               ;
; Number of Inverted Registers Reported in Synthesis Report        ; 100                ; 100                ;
; Clock MUX Protection                                             ; On                 ; On                 ;
; Auto Gated Clock Conversion                                      ; Off                ; Off                ;
; Block Design Naming                                              ; Auto               ; Auto               ;
; SDC constraint protection                                        ; Off                ; Off                ;
; Synthesis Effort                                                 ; Auto               ; Auto               ;
; Shift Register Replacement - Allow Asynchronous Clear Signal     ; On                 ; On                 ;
; Pre-Mapping Resynthesis Optimization                             ; Off                ; Off                ;
; Analysis & Synthesis Message Level                               ; Medium             ; Medium             ;
; Disable Register Merging Across Hierarchies                      ; Auto               ; Auto               ;
; Resource Aware Inference For Block RAM                           ; On                 ; On                 ;
+------------------------------------------------------------------+--------------------+--------------------+


+---------------------------------------------------------------------------------------------------------------------------------------------------+
; Analysis & Synthesis Source Files Read                                                                                                            ;
+----------------------------------+-----------------+------------------------+-----------------------------------------------------------+---------+
; File Name with User-Entered Path ; Used in Netlist ; File Type              ; File Name with Absolute Path                              ; Library ;
+----------------------------------+-----------------+------------------------+-----------------------------------------------------------+---------+
; LC3Control.v                     ; yes             ; User Verilog HDL File  ; C:/Users/USER1/Digital Logic/LC-3/LC3Control/LC3Control.v ;         ;
+----------------------------------+-----------------+------------------------+-----------------------------------------------------------+---------+


+-----------------------------------------------------+
; Analysis & Synthesis Resource Usage Summary         ;
+---------------------------------------------+-------+
; Resource                                    ; Usage ;
+---------------------------------------------+-------+
;                                             ;       ;
; Total combinational functions               ; 0     ;
; Logic element usage by number of LUT inputs ;       ;
;     -- 4 input functions                    ; 0     ;
;     -- 3 input functions                    ; 0     ;
;     -- <=2 input functions                  ; 0     ;
;                                             ;       ;
; Logic elements by mode                      ;       ;
;     -- normal mode                          ; 0     ;
;     -- arithmetic mode                      ; 0     ;
;                                             ;       ;
; Total registers                             ; 0     ;
;     -- Dedicated logic registers            ; 0     ;
;     -- I/O registers                        ; 0     ;
;                                             ;       ;
; I/O pins                                    ; 49    ;
;                                             ;       ;
; Embedded Multiplier 9-bit elements          ; 0     ;
;                                             ;       ;
; Maximum fan-out node                        ; IR[0] ;
; Maximum fan-out                             ; 1     ;
; Total fan-out                               ; 49    ;
; Average fan-out                             ; 0.50  ;
+---------------------------------------------+-------+


+----------------------------------------------------------------------------------------------------------------------------------------------------------------------------------------------------------+
; Analysis & Synthesis Resource Utilization by Entity                                                                                                                                                      ;
+----------------------------+---------------------+---------------------------+-------------+--------------+---------+-----------+------+--------------+---------------------+-------------+--------------+
; Compilation Hierarchy Node ; Combinational ALUTs ; Dedicated Logic Registers ; Memory Bits ; DSP Elements ; DSP 9x9 ; DSP 18x18 ; Pins ; Virtual Pins ; Full Hierarchy Name ; Entity Name ; Library Name ;
+----------------------------+---------------------+---------------------------+-------------+--------------+---------+-----------+------+--------------+---------------------+-------------+--------------+
; |LC3Control                ; 0 (0)               ; 0 (0)                     ; 0           ; 0            ; 0       ; 0         ; 49   ; 0            ; |LC3Control         ; LC3Control  ; work         ;
+----------------------------+---------------------+---------------------------+-------------+--------------+---------+-----------+------+--------------+---------------------+-------------+--------------+
Note: For table entries with two numbers listed, the numbers in parentheses indicate the number of resources of the given type used by the specific entity alone. The numbers listed outside of parentheses indicate the total resources of the given type used by the specific entity and all of its sub-entities in the hierarchy.


Encoding Type:  One-Hot
+------------------------------------------------------------------------------------------------------------------+
; State Machine - |LC3Control|current_state                                                                        ;
+----------------------+----------------------+----------------------+----------------------+----------------------+
; Name                 ; current_state.100011 ; current_state.100001 ; current_state.100000 ; current_state.010010 ;
+----------------------+----------------------+----------------------+----------------------+----------------------+
; current_state.010010 ; 0                    ; 0                    ; 0                    ; 0                    ;
; current_state.100000 ; 0                    ; 0                    ; 1                    ; 1                    ;
; current_state.100001 ; 0                    ; 1                    ; 0                    ; 1                    ;
; current_state.100011 ; 1                    ; 0                    ; 0                    ; 1                    ;
+----------------------+----------------------+----------------------+----------------------+----------------------+


Encoding Type:  One-Hot
+-------------------------------------------------------------------------------+
; State Machine - |LC3Control|next_state                                        ;
+-------------------+-------------------+-------------------+-------------------+
; Name              ; next_state.100001 ; next_state.100011 ; next_state.100000 ;
+-------------------+-------------------+-------------------+-------------------+
; next_state.100001 ; 0                 ; 0                 ; 0                 ;
; next_state.100000 ; 1                 ; 0                 ; 1                 ;
; next_state.100011 ; 1                 ; 1                 ; 0                 ;
+-------------------+-------------------+-------------------+-------------------+


+-------------------------------------------------------------+
; Registers Removed During Synthesis                          ;
+----------------------------------------+--------------------+
; Register name                          ; Reason for Removal ;
+----------------------------------------+--------------------+
; current_state.100000                   ; Lost fanout        ;
; current_state~2                        ; Lost fanout        ;
; current_state~3                        ; Lost fanout        ;
; current_state~4                        ; Lost fanout        ;
; current_state~5                        ; Lost fanout        ;
; current_state~7                        ; Lost fanout        ;
; next_state~10                          ; Lost fanout        ;
; next_state~11                          ; Lost fanout        ;
; next_state~12                          ; Lost fanout        ;
; next_state~13                          ; Lost fanout        ;
; current_state.010010                   ; Lost fanout        ;
; current_state.100001                   ; Lost fanout        ;
; current_state.100011                   ; Lost fanout        ;
; next_state.100000                      ; Lost fanout        ;
; next_state.100011                      ; Lost fanout        ;
; next_state.100001                      ; Lost fanout        ;
; Total Number of Removed Registers = 16 ;                    ;
+----------------------------------------+--------------------+


+------------------------------------------------------------------------------------+
; Removed Registers Triggering Further Register Optimizations                        ;
+----------------------+--------------------+----------------------------------------+
; Register name        ; Reason for Removal ; Registers Removed due to This Register ;
+----------------------+--------------------+----------------------------------------+
; current_state~2      ; Lost Fanouts       ; next_state.100011, next_state.100001   ;
; current_state.100000 ; Lost Fanouts       ; next_state.100000                      ;
+----------------------+--------------------+----------------------------------------+


+------------------------------------------------------+
; General Register Statistics                          ;
+----------------------------------------------+-------+
; Statistic                                    ; Value ;
+----------------------------------------------+-------+
; Total registers                              ; 0     ;
; Number of registers using Synchronous Clear  ; 0     ;
; Number of registers using Synchronous Load   ; 0     ;
; Number of registers using Asynchronous Clear ; 0     ;
; Number of registers using Asynchronous Load  ; 0     ;
; Number of registers using Clock Enable       ; 0     ;
; Number of registers using Preset             ; 0     ;
+----------------------------------------------+-------+


+------------------------------------------------------------------------------------------------------------------------------------------+
; Multiplexer Restructuring Statistics (Restructuring Performed)                                                                           ;
+--------------------+-----------+---------------+----------------------+------------------------+------------+----------------------------+
; Multiplexer Inputs ; Bus Width ; Baseline Area ; Area if Restructured ; Saving if Restructured ; Registered ; Example Multiplexer Output ;
+--------------------+-----------+---------------+----------------------+------------------------+------------+----------------------------+
; 4:1                ; 3 bits    ; 6 LEs         ; 6 LEs                ; 0 LEs                  ; No         ; |LC3Control|next_state     ;
+--------------------+-----------+---------------+----------------------+------------------------+------------+----------------------------+


+-----------------------------------------------------+
; Post-Synthesis Netlist Statistics for Top Partition ;
+-----------------------+-----------------------------+
; Type                  ; Count                       ;
+-----------------------+-----------------------------+
; boundary_port         ; 49                          ;
; cycloneiii_lcell_comb ; 1                           ;
;     normal            ; 1                           ;
;         0 data inputs ; 1                           ;
;                       ;                             ;
; Max LUT depth         ; 0.00                        ;
; Average LUT depth     ; 0.00                        ;
+-----------------------+-----------------------------+


+-------------------------------+
; Elapsed Time Per Partition    ;
+----------------+--------------+
; Partition Name ; Elapsed Time ;
+----------------+--------------+
; Top            ; 00:00:00     ;
+----------------+--------------+


+-------------------------------+
; Analysis & Synthesis Messages ;
+-------------------------------+
Info: *******************************************************************
Info: Running Quartus Prime Analysis & Synthesis
    Info: Version 18.1.0 Build 625 09/12/2018 SJ Lite Edition
    Info: Processing started: Tue Feb 12 23:55:12 2019
Info: Command: quartus_map --read_settings_files=on --write_settings_files=off LC3Control -c LC3Control
Warning (18236): Number of processors has not been specified which may cause overloading on shared machines.  Set the global assignment NUM_PARALLEL_PROCESSORS in your QSF to an appropriate value for best performance.
Info (20029): Only one processor detected - disabling parallel compilation
Info (12021): Found 1 design units, including 1 entities, in source file /users/user1/digital logic/lc-3/register file/registerfile.v
    Info (12023): Found entity 1: RegisterFile File: C:/Users/USER1/Digital Logic/LC-3/Register File/RegisterFile.v Line: 8
Info (12021): Found 1 design units, including 1 entities, in source file /users/user1/digital logic/lc-3/register file/register.v
    Info (12023): Found entity 1: Register File: C:/Users/USER1/Digital Logic/LC-3/Register File/Register.v Line: 8
Info (12021): Found 1 design units, including 1 entities, in source file /users/user1/digital logic/lc-3/register file/mux_8_1_bit_16.v
    Info (12023): Found entity 1: mux_8_1_bit_16 File: C:/Users/USER1/Digital Logic/LC-3/Register File/mux_8_1_bit_16.v Line: 8
Info (12021): Found 1 design units, including 1 entities, in source file /users/user1/digital logic/lc-3/register file/decoder_3_8.v
    Info (12023): Found entity 1: decoder_3_8 File: C:/Users/USER1/Digital Logic/LC-3/Register File/decoder_3_8.v Line: 6
Info (12021): Found 1 design units, including 1 entities, in source file /users/user1/digital logic/lc-3/register file/d_flip_flop.v
    Info (12023): Found entity 1: d_flip_flop File: C:/Users/USER1/Digital Logic/LC-3/Register File/d_flip_flop.v Line: 7
Info (12021): Found 1 design units, including 1 entities, in source file /users/user1/digital logic/lc-3/pc/pc.v
    Info (12023): Found entity 1: PC File: C:/Users/USER1/Digital Logic/LC-3/PC/PC.v Line: 4
Info (12021): Found 1 design units, including 1 entities, in source file /users/user1/digital logic/lc-3/pc/d_negedge_flip_flop.v
    Info (12023): Found entity 1: d_negedge_flip_flop File: C:/Users/USER1/Digital Logic/LC-3/PC/d_negedge_flip_flop.v Line: 7
Info (12021): Found 1 design units, including 1 entities, in source file /users/user1/digital logic/lc-3/pc/bit_16_register.v
    Info (12023): Found entity 1: bit_16_register File: C:/Users/USER1/Digital Logic/LC-3/PC/bit_16_register.v Line: 9
Info (12021): Found 1 design units, including 1 entities, in source file /users/user1/digital logic/lc-3/nzp/nzp_register.v
    Info (12023): Found entity 1: NZP_register File: C:/Users/USER1/Digital Logic/LC-3/NZP/NZP_register.v Line: 4
Info (12021): Found 1 design units, including 1 entities, in source file /users/user1/digital logic/lc-3/nzp/nzp.v
    Info (12023): Found entity 1: NZP File: C:/Users/USER1/Digital Logic/LC-3/NZP/NZP.v Line: 5
Info (12021): Found 1 design units, including 1 entities, in source file /users/user1/digital logic/lc-3/memory/memory.v
    Info (12023): Found entity 1: Memory File: C:/Users/USER1/Digital Logic/LC-3/Memory/Memory.v Line: 6
Info (12021): Found 1 design units, including 1 entities, in source file /users/user1/digital logic/lc-3/memory/mem.v
    Info (12023): Found entity 1: mem File: C:/Users/USER1/Digital Logic/LC-3/Memory/mem.v Line: 39
Info (12021): Found 1 design units, including 1 entities, in source file /users/user1/digital logic/lc-3/marmux/marmux.v
    Info (12023): Found entity 1: MARMux File: C:/Users/USER1/Digital Logic/LC-3/MARMux/MARMux.v Line: 5
Info (12021): Found 1 design units, including 1 entities, in source file /users/user1/digital logic/lc-3/ir/ir.v
    Info (12023): Found entity 1: IR File: C:/Users/USER1/Digital Logic/LC-3/IR/IR.v Line: 5
Info (12021): Found 1 design units, including 1 entities, in source file /users/user1/digital logic/lc-3/eab/eab.v
    Info (12023): Found entity 1: EAB File: C:/Users/USER1/Digital Logic/LC-3/EAB/EAB.v Line: 4
Info (12021): Found 1 design units, including 1 entities, in source file /users/user1/digital logic/lc-3/alu/alu.v
    Info (12023): Found entity 1: ALU File: C:/Users/USER1/Digital Logic/LC-3/ALU/ALU.v Line: 9
Info (12021): Found 1 design units, including 1 entities, in source file lc3control.v
    Info (12023): Found entity 1: LC3Control File: C:/Users/USER1/Digital Logic/LC-3/LC3Control/LC3Control.v Line: 7
Info (12127): Elaborating entity "LC3Control" for the top level hierarchy
Warning (10034): Output port "aluControl" at LC3Control.v(31) has no driver File: C:/Users/USER1/Digital Logic/LC-3/LC3Control/LC3Control.v Line: 31
Warning (10034): Output port "selEAB2" at LC3Control.v(31) has no driver File: C:/Users/USER1/Digital Logic/LC-3/LC3Control/LC3Control.v Line: 31
Warning (10034): Output port "selPC" at LC3Control.v(31) has no driver File: C:/Users/USER1/Digital Logic/LC-3/LC3Control/LC3Control.v Line: 31
Warning (10034): Output port "SR1" at LC3Control.v(32) has no driver File: C:/Users/USER1/Digital Logic/LC-3/LC3Control/LC3Control.v Line: 32
Warning (10034): Output port "SR2" at LC3Control.v(32) has no driver File: C:/Users/USER1/Digital Logic/LC-3/LC3Control/LC3Control.v Line: 32
Warning (10034): Output port "DR" at LC3Control.v(32) has no driver File: C:/Users/USER1/Digital Logic/LC-3/LC3Control/LC3Control.v Line: 32
Warning (10034): Output port "reset" at LC3Control.v(28) has no driver File: C:/Users/USER1/Digital Logic/LC-3/LC3Control/LC3Control.v Line: 28
Warning (10034): Output port "enaALU" at LC3Control.v(28) has no driver File: C:/Users/USER1/Digital Logic/LC-3/LC3Control/LC3Control.v Line: 28
Warning (10034): Output port "enaMARM" at LC3Control.v(29) has no driver File: C:/Users/USER1/Digital Logic/LC-3/LC3Control/LC3Control.v Line: 29
Warning (10034): Output port "enaMDR" at LC3Control.v(30) has no driver File: C:/Users/USER1/Digital Logic/LC-3/LC3Control/LC3Control.v Line: 30
Warning (10034): Output port "enaPC" at LC3Control.v(29) has no driver File: C:/Users/USER1/Digital Logic/LC-3/LC3Control/LC3Control.v Line: 29
Warning (10034): Output port "selMAR" at LC3Control.v(29) has no driver File: C:/Users/USER1/Digital Logic/LC-3/LC3Control/LC3Control.v Line: 29
Warning (10034): Output port "selEAB1" at LC3Control.v(29) has no driver File: C:/Users/USER1/Digital Logic/LC-3/LC3Control/LC3Control.v Line: 29
Warning (10034): Output port "ldPC" at LC3Control.v(30) has no driver File: C:/Users/USER1/Digital Logic/LC-3/LC3Control/LC3Control.v Line: 30
Warning (10034): Output port "ldIR" at LC3Control.v(30) has no driver File: C:/Users/USER1/Digital Logic/LC-3/LC3Control/LC3Control.v Line: 30
Warning (10034): Output port "ldMAR" at LC3Control.v(30) has no driver File: C:/Users/USER1/Digital Logic/LC-3/LC3Control/LC3Control.v Line: 30
Warning (10034): Output port "ldMDR" at LC3Control.v(30) has no driver File: C:/Users/USER1/Digital Logic/LC-3/LC3Control/LC3Control.v Line: 30
Warning (10034): Output port "selMDR" at LC3Control.v(30) has no driver File: C:/Users/USER1/Digital Logic/LC-3/LC3Control/LC3Control.v Line: 30
Warning (10034): Output port "regWE" at LC3Control.v(29) has no driver File: C:/Users/USER1/Digital Logic/LC-3/LC3Control/LC3Control.v Line: 29
Warning (10034): Output port "memWE" at LC3Control.v(30) has no driver File: C:/Users/USER1/Digital Logic/LC-3/LC3Control/LC3Control.v Line: 30
Warning (13024): Output pins are stuck at VCC or GND
    Warning (13410): Pin "reset" is stuck at GND File: C:/Users/USER1/Digital Logic/LC-3/LC3Control/LC3Control.v Line: 28
    Warning (13410): Pin "aluControl[0]" is stuck at GND File: C:/Users/USER1/Digital Logic/LC-3/LC3Control/LC3Control.v Line: 31
    Warning (13410): Pin "aluControl[1]" is stuck at GND File: C:/Users/USER1/Digital Logic/LC-3/LC3Control/LC3Control.v Line: 31
    Warning (13410): Pin "enaALU" is stuck at GND File: C:/Users/USER1/Digital Logic/LC-3/LC3Control/LC3Control.v Line: 28
    Warning (13410): Pin "enaMARM" is stuck at GND File: C:/Users/USER1/Digital Logic/LC-3/LC3Control/LC3Control.v Line: 29
    Warning (13410): Pin "enaMDR" is stuck at GND File: C:/Users/USER1/Digital Logic/LC-3/LC3Control/LC3Control.v Line: 30
    Warning (13410): Pin "enaPC" is stuck at GND File: C:/Users/USER1/Digital Logic/LC-3/LC3Control/LC3Control.v Line: 29
    Warning (13410): Pin "selMAR" is stuck at GND File: C:/Users/USER1/Digital Logic/LC-3/LC3Control/LC3Control.v Line: 29
    Warning (13410): Pin "selEAB1" is stuck at GND File: C:/Users/USER1/Digital Logic/LC-3/LC3Control/LC3Control.v Line: 29
    Warning (13410): Pin "selEAB2[0]" is stuck at GND File: C:/Users/USER1/Digital Logic/LC-3/LC3Control/LC3Control.v Line: 31
    Warning (13410): Pin "selEAB2[1]" is stuck at GND File: C:/Users/USER1/Digital Logic/LC-3/LC3Control/LC3Control.v Line: 31
    Warning (13410): Pin "ldPC" is stuck at GND File: C:/Users/USER1/Digital Logic/LC-3/LC3Control/LC3Control.v Line: 30
    Warning (13410): Pin "ldIR" is stuck at GND File: C:/Users/USER1/Digital Logic/LC-3/LC3Control/LC3Control.v Line: 30
    Warning (13410): Pin "ldMAR" is stuck at GND File: C:/Users/USER1/Digital Logic/LC-3/LC3Control/LC3Control.v Line: 30
    Warning (13410): Pin "ldMDR" is stuck at GND File: C:/Users/USER1/Digital Logic/LC-3/LC3Control/LC3Control.v Line: 30
    Warning (13410): Pin "selPC[0]" is stuck at GND File: C:/Users/USER1/Digital Logic/LC-3/LC3Control/LC3Control.v Line: 31
    Warning (13410): Pin "selPC[1]" is stuck at GND File: C:/Users/USER1/Digital Logic/LC-3/LC3Control/LC3Control.v Line: 31
    Warning (13410): Pin "selMDR" is stuck at GND File: C:/Users/USER1/Digital Logic/LC-3/LC3Control/LC3Control.v Line: 30
    Warning (13410): Pin "SR1[0]" is stuck at GND File: C:/Users/USER1/Digital Logic/LC-3/LC3Control/LC3Control.v Line: 32
    Warning (13410): Pin "SR1[1]" is stuck at GND File: C:/Users/USER1/Digital Logic/LC-3/LC3Control/LC3Control.v Line: 32
    Warning (13410): Pin "SR1[2]" is stuck at GND File: C:/Users/USER1/Digital Logic/LC-3/LC3Control/LC3Control.v Line: 32
    Warning (13410): Pin "SR2[0]" is stuck at GND File: C:/Users/USER1/Digital Logic/LC-3/LC3Control/LC3Control.v Line: 32
    Warning (13410): Pin "SR2[1]" is stuck at GND File: C:/Users/USER1/Digital Logic/LC-3/LC3Control/LC3Control.v Line: 32
    Warning (13410): Pin "SR2[2]" is stuck at GND File: C:/Users/USER1/Digital Logic/LC-3/LC3Control/LC3Control.v Line: 32
    Warning (13410): Pin "DR[0]" is stuck at GND File: C:/Users/USER1/Digital Logic/LC-3/LC3Control/LC3Control.v Line: 32
    Warning (13410): Pin "DR[1]" is stuck at GND File: C:/Users/USER1/Digital Logic/LC-3/LC3Control/LC3Control.v Line: 32
    Warning (13410): Pin "DR[2]" is stuck at GND File: C:/Users/USER1/Digital Logic/LC-3/LC3Control/LC3Control.v Line: 32
    Warning (13410): Pin "regWE" is stuck at GND File: C:/Users/USER1/Digital Logic/LC-3/LC3Control/LC3Control.v Line: 29
    Warning (13410): Pin "memWE" is stuck at GND File: C:/Users/USER1/Digital Logic/LC-3/LC3Control/LC3Control.v Line: 30
Info (17049): 16 registers lost all their fanouts during netlist optimizations.
Info (16010): Generating hard_block partition "hard_block:auto_generated_inst"
    Info (16011): Adding 0 node(s), including 0 DDIO, 0 PLL, 0 transceiver and 0 LCELL
Warning (21074): Design contains 20 input pin(s) that do not drive logic
    Warning (15610): No output dependent on input pin "IR[0]" File: C:/Users/USER1/Digital Logic/LC-3/LC3Control/LC3Control.v Line: 25
    Warning (15610): No output dependent on input pin "IR[1]" File: C:/Users/USER1/Digital Logic/LC-3/LC3Control/LC3Control.v Line: 25
    Warning (15610): No output dependent on input pin "IR[2]" File: C:/Users/USER1/Digital Logic/LC-3/LC3Control/LC3Control.v Line: 25
    Warning (15610): No output dependent on input pin "IR[3]" File: C:/Users/USER1/Digital Logic/LC-3/LC3Control/LC3Control.v Line: 25
    Warning (15610): No output dependent on input pin "IR[4]" File: C:/Users/USER1/Digital Logic/LC-3/LC3Control/LC3Control.v Line: 25
    Warning (15610): No output dependent on input pin "IR[5]" File: C:/Users/USER1/Digital Logic/LC-3/LC3Control/LC3Control.v Line: 25
    Warning (15610): No output dependent on input pin "IR[6]" File: C:/Users/USER1/Digital Logic/LC-3/LC3Control/LC3Control.v Line: 25
    Warning (15610): No output dependent on input pin "IR[7]" File: C:/Users/USER1/Digital Logic/LC-3/LC3Control/LC3Control.v Line: 25
    Warning (15610): No output dependent on input pin "IR[8]" File: C:/Users/USER1/Digital Logic/LC-3/LC3Control/LC3Control.v Line: 25
    Warning (15610): No output dependent on input pin "IR[9]" File: C:/Users/USER1/Digital Logic/LC-3/LC3Control/LC3Control.v Line: 25
    Warning (15610): No output dependent on input pin "IR[10]" File: C:/Users/USER1/Digital Logic/LC-3/LC3Control/LC3Control.v Line: 25
    Warning (15610): No output dependent on input pin "IR[11]" File: C:/Users/USER1/Digital Logic/LC-3/LC3Control/LC3Control.v Line: 25
    Warning (15610): No output dependent on input pin "IR[12]" File: C:/Users/USER1/Digital Logic/LC-3/LC3Control/LC3Control.v Line: 25
    Warning (15610): No output dependent on input pin "IR[13]" File: C:/Users/USER1/Digital Logic/LC-3/LC3Control/LC3Control.v Line: 25
    Warning (15610): No output dependent on input pin "IR[14]" File: C:/Users/USER1/Digital Logic/LC-3/LC3Control/LC3Control.v Line: 25
    Warning (15610): No output dependent on input pin "IR[15]" File: C:/Users/USER1/Digital Logic/LC-3/LC3Control/LC3Control.v Line: 25
    Warning (15610): No output dependent on input pin "N" File: C:/Users/USER1/Digital Logic/LC-3/LC3Control/LC3Control.v Line: 26
    Warning (15610): No output dependent on input pin "Z" File: C:/Users/USER1/Digital Logic/LC-3/LC3Control/LC3Control.v Line: 26
    Warning (15610): No output dependent on input pin "P" File: C:/Users/USER1/Digital Logic/LC-3/LC3Control/LC3Control.v Line: 26
    Warning (15610): No output dependent on input pin "clk" File: C:/Users/USER1/Digital Logic/LC-3/LC3Control/LC3Control.v Line: 26
Info (21057): Implemented 49 device resources after synthesis - the final resource count might be different
    Info (21058): Implemented 20 input pins
    Info (21059): Implemented 29 output pins
Info: Quartus Prime Analysis & Synthesis was successful. 0 errors, 72 warnings
    Info: Peak virtual memory: 4755 megabytes
    Info: Processing ended: Tue Feb 12 23:55:41 2019
    Info: Elapsed time: 00:00:29
    Info: Total CPU time (on all processors): 00:00:27


